{"meta": {"format": 3, "version": "7.10.4", "timestamp": "2025-10-22T10:28:29.966389", "branch_coverage": false, "show_contexts": false}, "files": {"src/luthien_proxy/__init__.py": {"executed_lines": [4, 6], "summary": {"covered_lines": 1, "num_statements": 1, "percent_covered": 100.0, "percent_covered_display": "100", "missing_lines": 0, "excluded_lines": 0}, "missing_lines": [], "excluded_lines": [], "functions": {"": {"executed_lines": [4, 6], "summary": {"covered_lines": 1, "num_statements": 1, "percent_covered": 100.0, "percent_covered_display": "100", "missing_lines": 0, "excluded_lines": 0}, "missing_lines": [], "excluded_lines": []}}, "classes": {"": {"executed_lines": [4, 6], "summary": {"covered_lines": 1, "num_statements": 1, "percent_covered": 100.0, "percent_covered_display": "100", "missing_lines": 0, "excluded_lines": 0}, "missing_lines": [], "excluded_lines": []}}}, "src/luthien_proxy/control_plane/__init__.py": {"executed_lines": [4], "summary": {"covered_lines": 0, "num_statements": 0, "percent_covered": 100.0, "percent_covered_display": "100", "missing_lines": 0, "excluded_lines": 0}, "missing_lines": [], "excluded_lines": [], "functions": {"": {"executed_lines": [4], "summary": {"covered_lines": 0, "num_statements": 0, "percent_covered": 100.0, "percent_covered_display": "100", "missing_lines": 0, "excluded_lines": 0}, "missing_lines": [], "excluded_lines": []}}, "classes": {"": {"executed_lines": [4], "summary": {"covered_lines": 0, "num_statements": 0, "percent_covered": 100.0, "percent_covered_display": "100", "missing_lines": 0, "excluded_lines": 0}, "missing_lines": [], "excluded_lines": []}}}, "src/luthien_proxy/control_plane/__main__.py": {"executed_lines": [], "summary": {"covered_lines": 0, "num_statements": 20, "percent_covered": 0.0, "percent_covered_display": "0", "missing_lines": 20, "excluded_lines": 2}, "missing_lines": [3, 5, 7, 8, 9, 11, 14, 16, 17, 18, 20, 22, 24, 25, 26, 29, 30, 32, 34, 36], "excluded_lines": [46, 47], "functions": {"main": {"executed_lines": [], "summary": {"covered_lines": 0, "num_statements": 13, "percent_covered": 0.0, "percent_covered_display": "0", "missing_lines": 13, "excluded_lines": 0}, "missing_lines": [16, 17, 18, 20, 22, 24, 25, 26, 29, 30, 32, 34, 36], "excluded_lines": []}, "": {"executed_lines": [], "summary": {"covered_lines": 0, "num_statements": 7, "percent_covered": 0.0, "percent_covered_display": "0", "missing_lines": 7, "excluded_lines": 2}, "missing_lines": [3, 5, 7, 8, 9, 11, 14], "excluded_lines": [46, 47]}}, "classes": {"": {"executed_lines": [], "summary": {"covered_lines": 0, "num_statements": 20, "percent_covered": 0.0, "percent_covered_display": "0", "missing_lines": 20, "excluded_lines": 2}, "missing_lines": [3, 5, 7, 8, 9, 11, 14, 16, 17, 18, 20, 22, 24, 25, 26, 29, 30, 32, 34, 36], "excluded_lines": [46, 47]}}}, "src/luthien_proxy/control_plane/activity_stream.py": {"executed_lines": [], "summary": {"covered_lines": 0, "num_statements": 135, "percent_covered": 0.0, "percent_covered_display": "0", "missing_lines": 135, "excluded_lines": 17}, "missing_lines": [6, 8, 9, 10, 11, 12, 13, 15, 17, 18, 19, 21, 24, 27, 37, 38, 41, 42, 43, 44, 45, 47, 50, 52, 55, 64, 65, 66, 68, 69, 70, 71, 72, 73, 81, 82, 87, 92, 93, 95, 96, 97, 99, 100, 101, 102, 103, 107, 120, 121, 122, 123, 124, 125, 127, 128, 129, 131, 132, 133, 135, 136, 141, 146, 147, 150, 165, 166, 167, 169, 171, 172, 173, 174, 175, 176, 179, 180, 181, 182, 184, 203, 204, 205, 206, 209, 211, 230, 232, 233, 236, 237, 238, 240, 259, 260, 261, 264, 265, 267, 284, 286, 287, 290, 291, 292, 294, 313, 314, 315, 318, 319, 325, 342, 343, 355, 358, 360, 361, 362, 363, 364, 365, 366, 367, 370, 372, 373, 374, 375, 376, 377, 378, 379, 382], "excluded_lines": [74, 75, 76, 77, 78, 79, 83, 84, 108, 109, 110, 111, 116, 117, 118, 137, 138], "functions": {"global_activity_channel": {"executed_lines": [], "summary": {"covered_lines": 0, "num_statements": 1, "percent_covered": 0.0, "percent_covered_display": "0", "missing_lines": 1, "excluded_lines": 0}, "missing_lines": [52], "excluded_lines": []}, "publish_activity_event": {"executed_lines": [], "summary": {"covered_lines": 0, "num_statements": 11, "percent_covered": 0.0, "percent_covered_display": "0", "missing_lines": 11, "excluded_lines": 8}, "missing_lines": [64, 65, 66, 68, 69, 70, 71, 72, 73, 81, 82], "excluded_lines": [74, 75, 76, 77, 78, 79, 83, 84]}, "_stream_from_global_channel": {"executed_lines": [], "summary": {"covered_lines": 0, "num_statements": 25, "percent_covered": 0.0, "percent_covered_display": "0", "missing_lines": 25, "excluded_lines": 9}, "missing_lines": [92, 93, 95, 96, 97, 99, 100, 101, 102, 103, 107, 120, 121, 122, 123, 124, 125, 127, 128, 129, 131, 132, 133, 135, 136], "excluded_lines": [108, 109, 110, 111, 116, 117, 118, 137, 138]}, "global_activity_sse_stream": {"executed_lines": [], "summary": {"covered_lines": 0, "num_statements": 2, "percent_covered": 0.0, "percent_covered_display": "0", "missing_lines": 2, "excluded_lines": 0}, "missing_lines": [146, 147], "excluded_lines": []}, "build_activity_events": {"executed_lines": [], "summary": {"covered_lines": 0, "num_statements": 50, "percent_covered": 0.0, "percent_covered_display": "0", "missing_lines": 50, "excluded_lines": 0}, "missing_lines": [165, 166, 167, 169, 171, 172, 173, 174, 175, 176, 179, 180, 181, 182, 184, 203, 204, 205, 206, 209, 211, 230, 232, 233, 236, 237, 238, 240, 259, 260, 261, 264, 265, 267, 284, 286, 287, 290, 291, 292, 294, 313, 314, 315, 318, 319, 325, 342, 343, 355], "excluded_lines": []}, "_extract_response_content": {"executed_lines": [], "summary": {"covered_lines": 0, "num_statements": 8, "percent_covered": 0.0, "percent_covered_display": "0", "missing_lines": 8, "excluded_lines": 0}, "missing_lines": [360, 361, 362, 363, 364, 365, 366, 367], "excluded_lines": []}, "_has_tool_calls": {"executed_lines": [], "summary": {"covered_lines": 0, "num_statements": 8, "percent_covered": 0.0, "percent_covered_display": "0", "missing_lines": 8, "excluded_lines": 0}, "missing_lines": [372, 373, 374, 375, 376, 377, 378, 379], "excluded_lines": []}, "": {"executed_lines": [], "summary": {"covered_lines": 0, "num_statements": 30, "percent_covered": 0.0, "percent_covered_display": "0", "missing_lines": 30, "excluded_lines": 0}, "missing_lines": [6, 8, 9, 10, 11, 12, 13, 15, 17, 18, 19, 21, 24, 27, 37, 38, 41, 42, 43, 44, 45, 47, 50, 55, 87, 141, 150, 358, 370, 382], "excluded_lines": []}}, "classes": {"ActivityEvent": {"executed_lines": [], "summary": {"covered_lines": 0, "num_statements": 0, "percent_covered": 100.0, "percent_covered_display": "100", "missing_lines": 0, "excluded_lines": 0}, "missing_lines": [], "excluded_lines": []}, "": {"executed_lines": [], "summary": {"covered_lines": 0, "num_statements": 135, "percent_covered": 0.0, "percent_covered_display": "0", "missing_lines": 135, "excluded_lines": 17}, "missing_lines": [6, 8, 9, 10, 11, 12, 13, 15, 17, 18, 19, 21, 24, 27, 37, 38, 41, 42, 43, 44, 45, 47, 50, 52, 55, 64, 65, 66, 68, 69, 70, 71, 72, 73, 81, 82, 87, 92, 93, 95, 96, 97, 99, 100, 101, 102, 103, 107, 120, 121, 122, 123, 124, 125, 127, 128, 129, 131, 132, 133, 135, 136, 141, 146, 147, 150, 165, 166, 167, 169, 171, 172, 173, 174, 175, 176, 179, 180, 181, 182, 184, 203, 204, 205, 206, 209, 211, 230, 232, 233, 236, 237, 238, 240, 259, 260, 261, 264, 265, 267, 284, 286, 287, 290, 291, 292, 294, 313, 314, 315, 318, 319, 325, 342, 343, 355, 358, 360, 361, 362, 363, 364, 365, 366, 367, 370, 372, 373, 374, 375, 376, 377, 378, 379, 382], "excluded_lines": [74, 75, 76, 77, 78, 79, 83, 84, 108, 109, 110, 111, 116, 117, 118, 137, 138]}}}, "src/luthien_proxy/control_plane/app.py": {"executed_lines": [], "summary": {"covered_lines": 0, "num_statements": 144, "percent_covered": 0.0, "percent_covered_display": "0", "missing_lines": 144, "excluded_lines": 0}, "missing_lines": [8, 10, 11, 12, 13, 14, 15, 17, 18, 19, 20, 22, 23, 24, 25, 26, 27, 28, 29, 30, 31, 32, 34, 35, 43, 46, 47, 53, 59, 62, 63, 66, 69, 70, 71, 72, 75, 76, 77, 78, 81, 83, 85, 88, 89, 91, 94, 95, 97, 111, 113, 115, 116, 117, 118, 120, 121, 122, 123, 124, 125, 126, 129, 130, 131, 133, 135, 136, 137, 138, 139, 140, 141, 143, 144, 145, 147, 148, 149, 150, 151, 153, 154, 158, 159, 161, 166, 167, 169, 173, 174, 177, 178, 179, 180, 181, 182, 183, 186, 187, 188, 190, 193, 194, 198, 201, 202, 203, 205, 208, 209, 210, 211, 212, 213, 214, 215, 216, 217, 218, 219, 220, 221, 222, 225, 226, 227, 228, 229, 230, 232, 239, 247, 249, 250, 251, 255, 256, 258, 259, 262, 263, 265, 268], "excluded_lines": [], "functions": {"health_check": {"executed_lines": [], "summary": {"covered_lines": 0, "num_statements": 1, "percent_covered": 0.0, "percent_covered_display": "0", "missing_lines": 1, "excluded_lines": 0}, "missing_lines": [91], "excluded_lines": []}, "list_endpoints": {"executed_lines": [], "summary": {"covered_lines": 0, "num_statements": 1, "percent_covered": 0.0, "percent_covered_display": "0", "missing_lines": 1, "excluded_lines": 0}, "missing_lines": [97], "excluded_lines": []}, "create_control_plane_app": {"executed_lines": [], "summary": {"covered_lines": 0, "num_statements": 16, "percent_covered": 0.0, "percent_covered_display": "0", "missing_lines": 16, "excluded_lines": 0}, "missing_lines": [113, 115, 116, 232, 239, 247, 249, 250, 251, 255, 256, 258, 259, 262, 263, 265], "excluded_lines": []}, "create_control_plane_app.lifespan": {"executed_lines": [], "summary": {"covered_lines": 0, "num_statements": 77, "percent_covered": 0.0, "percent_covered_display": "0", "missing_lines": 77, "excluded_lines": 0}, "missing_lines": [117, 118, 120, 121, 122, 123, 124, 125, 126, 129, 130, 131, 133, 135, 136, 137, 138, 139, 140, 141, 143, 144, 145, 147, 148, 149, 150, 151, 153, 154, 158, 159, 161, 166, 167, 169, 173, 174, 177, 178, 179, 180, 181, 182, 183, 186, 187, 188, 190, 193, 194, 198, 201, 202, 203, 205, 208, 209, 210, 211, 212, 213, 214, 215, 216, 217, 218, 219, 220, 221, 222, 225, 226, 227, 228, 229, 230], "excluded_lines": []}, "": {"executed_lines": [], "summary": {"covered_lines": 0, "num_statements": 49, "percent_covered": 0.0, "percent_covered_display": "0", "missing_lines": 49, "excluded_lines": 0}, "missing_lines": [8, 10, 11, 12, 13, 14, 15, 17, 18, 19, 20, 22, 23, 24, 25, 26, 27, 28, 29, 30, 31, 32, 34, 35, 43, 46, 47, 53, 59, 62, 63, 66, 69, 70, 71, 72, 75, 76, 77, 78, 81, 83, 85, 88, 89, 94, 95, 111, 268], "excluded_lines": []}}, "classes": {"HealthPayload": {"executed_lines": [], "summary": {"covered_lines": 0, "num_statements": 0, "percent_covered": 100.0, "percent_covered_display": "100", "missing_lines": 0, "excluded_lines": 0}, "missing_lines": [], "excluded_lines": []}, "EndpointListing": {"executed_lines": [], "summary": {"covered_lines": 0, "num_statements": 0, "percent_covered": 100.0, "percent_covered_display": "100", "missing_lines": 0, "excluded_lines": 0}, "missing_lines": [], "excluded_lines": []}, "": {"executed_lines": [], "summary": {"covered_lines": 0, "num_statements": 144, "percent_covered": 0.0, "percent_covered_display": "0", "missing_lines": 144, "excluded_lines": 0}, "missing_lines": [8, 10, 11, 12, 13, 14, 15, 17, 18, 19, 20, 22, 23, 24, 25, 26, 27, 28, 29, 30, 31, 32, 34, 35, 43, 46, 47, 53, 59, 62, 63, 66, 69, 70, 71, 72, 75, 76, 77, 78, 81, 83, 85, 88, 89, 91, 94, 95, 97, 111, 113, 115, 116, 117, 118, 120, 121, 122, 123, 124, 125, 126, 129, 130, 131, 133, 135, 136, 137, 138, 139, 140, 141, 143, 144, 145, 147, 148, 149, 150, 151, 153, 154, 158, 159, 161, 166, 167, 169, 173, 174, 177, 178, 179, 180, 181, 182, 183, 186, 187, 188, 190, 193, 194, 198, 201, 202, 203, 205, 208, 209, 210, 211, 212, 213, 214, 215, 216, 217, 218, 219, 220, 221, 222, 225, 226, 227, 228, 229, 230, 232, 239, 247, 249, 250, 251, 255, 256, 258, 259, 262, 263, 265, 268], "excluded_lines": []}}}, "src/luthien_proxy/control_plane/conversation/__init__.py": {"executed_lines": [1, 22, 26, 27, 34, 35, 36, 41, 43], "summary": {"covered_lines": 8, "num_statements": 8, "percent_covered": 100.0, "percent_covered_display": "100", "missing_lines": 0, "excluded_lines": 0}, "missing_lines": [], "excluded_lines": [], "functions": {"": {"executed_lines": [1, 22, 26, 27, 34, 35, 36, 41, 43], "summary": {"covered_lines": 8, "num_statements": 8, "percent_covered": 100.0, "percent_covered_display": "100", "missing_lines": 0, "excluded_lines": 0}, "missing_lines": [], "excluded_lines": []}}, "classes": {"": {"executed_lines": [1, 22, 26, 27, 34, 35, 36, 41, 43], "summary": {"covered_lines": 8, "num_statements": 8, "percent_covered": 100.0, "percent_covered_display": "100", "missing_lines": 0, "excluded_lines": 0}, "missing_lines": [], "excluded_lines": []}}}, "src/luthien_proxy/control_plane/conversation/db.py": {"executed_lines": [1, 3, 5, 6, 7, 8, 10, 12, 13, 14, 16, 18, 21, 52, 91, 134], "summary": {"covered_lines": 15, "num_statements": 63, "percent_covered": 23.80952380952381, "percent_covered_display": "24", "missing_lines": 48, "excluded_lines": 0}, "missing_lines": [27, 28, 30, 31, 32, 33, 46, 47, 48, 49, 58, 59, 61, 62, 63, 64, 80, 81, 82, 83, 84, 85, 86, 87, 88, 93, 94, 95, 96, 98, 99, 100, 101, 102, 103, 104, 105, 107, 109, 110, 111, 112, 113, 115, 116, 118, 120, 131], "excluded_lines": [], "functions": {"load_events_for_call": {"executed_lines": [], "summary": {"covered_lines": 0, "num_statements": 10, "percent_covered": 0.0, "percent_covered_display": "0", "missing_lines": 10, "excluded_lines": 0}, "missing_lines": [27, 28, 30, 31, 32, 33, 46, 47, 48, 49], "excluded_lines": []}, "load_recent_calls": {"executed_lines": [], "summary": {"covered_lines": 0, "num_statements": 15, "percent_covered": 0.0, "percent_covered_display": "0", "missing_lines": 15, "excluded_lines": 0}, "missing_lines": [58, 59, 61, 62, 63, 64, 80, 81, 82, 83, 84, 85, 86, 87, 88], "excluded_lines": []}, "_rows_to_events": {"executed_lines": [], "summary": {"covered_lines": 0, "num_statements": 23, "percent_covered": 0.0, "percent_covered_display": "0", "missing_lines": 23, "excluded_lines": 0}, "missing_lines": [93, 94, 95, 96, 98, 99, 100, 101, 102, 103, 104, 105, 107, 109, 110, 111, 112, 113, 115, 116, 118, 120, 131], "excluded_lines": []}, "": {"executed_lines": [1, 3, 5, 6, 7, 8, 10, 12, 13, 14, 16, 18, 21, 52, 91, 134], "summary": {"covered_lines": 15, "num_statements": 15, "percent_covered": 100.0, "percent_covered_display": "100", "missing_lines": 0, "excluded_lines": 0}, "missing_lines": [], "excluded_lines": []}}, "classes": {"": {"executed_lines": [1, 3, 5, 6, 7, 8, 10, 12, 13, 14, 16, 18, 21, 52, 91, 134], "summary": {"covered_lines": 15, "num_statements": 63, "percent_covered": 23.80952380952381, "percent_covered_display": "24", "missing_lines": 48, "excluded_lines": 0}, "missing_lines": [27, 28, 30, 31, 32, 33, 46, 47, 48, 49, 58, 59, 61, 62, 63, 64, 80, 81, 82, 83, 84, 85, 86, 87, 88, 93, 94, 95, 96, 98, 99, 100, 101, 102, 103, 104, 105, 107, 109, 110, 111, 112, 113, 115, 116, 118, 120, 131], "excluded_lines": []}}}, "src/luthien_proxy/control_plane/conversation/events.py": {"executed_lines": [1, 3, 5, 6, 8, 10, 11, 14, 24, 27, 28, 30, 93, 206, 270, 291, 294], "summary": {"covered_lines": 16, "num_statements": 96, "percent_covered": 16.666666666666668, "percent_covered_display": "17", "missing_lines": 80, "excluded_lines": 0}, "missing_lines": [25, 32, 33, 36, 37, 38, 40, 49, 52, 53, 54, 56, 65, 68, 80, 91, 96, 97, 98, 99, 100, 103, 111, 113, 121, 124, 136, 149, 150, 151, 153, 154, 155, 157, 158, 159, 161, 162, 165, 166, 167, 169, 170, 171, 172, 174, 175, 178, 193, 204, 208, 209, 210, 211, 213, 214, 215, 217, 218, 219, 221, 222, 225, 226, 227, 229, 230, 231, 233, 234, 235, 236, 238, 239, 242, 257, 268, 271, 277, 288], "excluded_lines": [], "functions": {"build_conversation_events": {"executed_lines": [24, 27, 28, 30, 93, 206, 270, 291], "summary": {"covered_lines": 8, "num_statements": 88, "percent_covered": 9.090909090909092, "percent_covered_display": "9", "missing_lines": 80, "excluded_lines": 0}, "missing_lines": [25, 32, 33, 36, 37, 38, 40, 49, 52, 53, 54, 56, 65, 68, 80, 91, 96, 97, 98, 99, 100, 103, 111, 113, 121, 124, 136, 149, 150, 151, 153, 154, 155, 157, 158, 159, 161, 162, 165, 166, 167, 169, 170, 171, 172, 174, 175, 178, 193, 204, 208, 209, 210, 211, 213, 214, 215, 217, 218, 219, 221, 222, 225, 226, 227, 229, 230, 231, 233, 234, 235, 236, 238, 239, 242, 257, 268, 271, 277, 288], "excluded_lines": []}, "": {"executed_lines": [1, 3, 5, 6, 8, 10, 11, 14, 294], "summary": {"covered_lines": 8, "num_statements": 8, "percent_covered": 100.0, "percent_covered_display": "100", "missing_lines": 0, "excluded_lines": 0}, "missing_lines": [], "excluded_lines": []}}, "classes": {"": {"executed_lines": [1, 3, 5, 6, 8, 10, 11, 14, 24, 27, 28, 30, 93, 206, 270, 291, 294], "summary": {"covered_lines": 16, "num_statements": 96, "percent_covered": 16.666666666666668, "percent_covered_display": "17", "missing_lines": 80, "excluded_lines": 0}, "missing_lines": [25, 32, 33, 36, 37, 38, 40, 49, 52, 53, 54, 56, 65, 68, 80, 91, 96, 97, 98, 99, 100, 103, 111, 113, 121, 124, 136, 149, 150, 151, 153, 154, 155, 157, 158, 159, 161, 162, 165, 166, 167, 169, 170, 171, 172, 174, 175, 178, 193, 204, 208, 209, 210, 211, 213, 214, 215, 217, 218, 219, 221, 222, 225, 226, 227, 229, 230, 231, 233, 234, 235, 236, 238, 239, 242, 257, 268, 271, 277, 288], "excluded_lines": []}}}, "src/luthien_proxy/control_plane/conversation/models.py": {"executed_lines": [1, 3, 5, 6, 8, 10, 13, 14, 16, 17, 18, 21, 22, 24, 25, 26, 27, 28, 29, 30, 33, 34, 36, 37, 38, 41, 42, 44, 45, 46, 47, 48, 49, 50, 51, 52, 53, 54, 55, 56, 59, 60, 62, 63, 64, 65, 68], "summary": {"covered_lines": 41, "num_statements": 41, "percent_covered": 100.0, "percent_covered_display": "100", "missing_lines": 0, "excluded_lines": 0}, "missing_lines": [], "excluded_lines": [], "functions": {"": {"executed_lines": [1, 3, 5, 6, 8, 10, 13, 14, 16, 17, 18, 21, 22, 24, 25, 26, 27, 28, 29, 30, 33, 34, 36, 37, 38, 41, 42, 44, 45, 46, 47, 48, 49, 50, 51, 52, 53, 54, 55, 56, 59, 60, 62, 63, 64, 65, 68], "summary": {"covered_lines": 41, "num_statements": 41, "percent_covered": 100.0, "percent_covered_display": "100", "missing_lines": 0, "excluded_lines": 0}, "missing_lines": [], "excluded_lines": []}}, "classes": {"CallIdInfo": {"executed_lines": [], "summary": {"covered_lines": 0, "num_statements": 0, "percent_covered": 100.0, "percent_covered_display": "100", "missing_lines": 0, "excluded_lines": 0}, "missing_lines": [], "excluded_lines": []}, "ConversationEvent": {"executed_lines": [], "summary": {"covered_lines": 0, "num_statements": 0, "percent_covered": 100.0, "percent_covered_display": "100", "missing_lines": 0, "excluded_lines": 0}, "missing_lines": [], "excluded_lines": []}, "ConversationMessageDiff": {"executed_lines": [], "summary": {"covered_lines": 0, "num_statements": 0, "percent_covered": 100.0, "percent_covered_display": "100", "missing_lines": 0, "excluded_lines": 0}, "missing_lines": [], "excluded_lines": []}, "ConversationCallSnapshot": {"executed_lines": [], "summary": {"covered_lines": 0, "num_statements": 0, "percent_covered": 100.0, "percent_covered_display": "100", "missing_lines": 0, "excluded_lines": 0}, "missing_lines": [], "excluded_lines": []}, "ConversationSnapshot": {"executed_lines": [], "summary": {"covered_lines": 0, "num_statements": 0, "percent_covered": 100.0, "percent_covered_display": "100", "missing_lines": 0, "excluded_lines": 0}, "missing_lines": [], "excluded_lines": []}, "": {"executed_lines": [1, 3, 5, 6, 8, 10, 13, 14, 16, 17, 18, 21, 22, 24, 25, 26, 27, 28, 29, 30, 33, 34, 36, 37, 38, 41, 42, 44, 45, 46, 47, 48, 49, 50, 51, 52, 53, 54, 55, 56, 59, 60, 62, 63, 64, 65, 68], "summary": {"covered_lines": 41, "num_statements": 41, "percent_covered": 100.0, "percent_covered_display": "100", "missing_lines": 0, "excluded_lines": 0}, "missing_lines": [], "excluded_lines": []}}}, "src/luthien_proxy/control_plane/conversation/policy_events.py": {"executed_lines": [], "summary": {"covered_lines": 0, "num_statements": 54, "percent_covered": 0.0, "percent_covered_display": "0", "missing_lines": 54, "excluded_lines": 0}, "missing_lines": [6, 8, 9, 10, 11, 13, 14, 16, 19, 32, 33, 35, 36, 38, 39, 64, 69, 70, 72, 73, 74, 92, 93, 95, 96, 97, 98, 99, 100, 102, 103, 104, 105, 106, 107, 109, 126, 127, 128, 129, 132, 145, 146, 149, 152, 153, 155, 156, 157, 158, 160, 162, 177, 180], "excluded_lines": [], "functions": {"record_policy_event": {"executed_lines": [], "summary": {"covered_lines": 0, "num_statements": 6, "percent_covered": 0.0, "percent_covered_display": "0", "missing_lines": 6, "excluded_lines": 0}, "missing_lines": [32, 33, 35, 36, 38, 39], "excluded_lines": []}, "load_policy_events": {"executed_lines": [], "summary": {"covered_lines": 0, "num_statements": 24, "percent_covered": 0.0, "percent_covered_display": "0", "missing_lines": 24, "excluded_lines": 0}, "missing_lines": [69, 70, 72, 73, 74, 92, 93, 95, 96, 97, 98, 99, 100, 102, 103, 104, 105, 106, 107, 109, 126, 127, 128, 129], "excluded_lines": []}, "publish_policy_event_to_activity_stream": {"executed_lines": [], "summary": {"covered_lines": 0, "num_statements": 12, "percent_covered": 0.0, "percent_covered_display": "0", "missing_lines": 12, "excluded_lines": 0}, "missing_lines": [145, 146, 149, 152, 153, 155, 156, 157, 158, 160, 162, 177], "excluded_lines": []}, "": {"executed_lines": [], "summary": {"covered_lines": 0, "num_statements": 12, "percent_covered": 0.0, "percent_covered_display": "0", "missing_lines": 12, "excluded_lines": 0}, "missing_lines": [6, 8, 9, 10, 11, 13, 14, 16, 19, 64, 132, 180], "excluded_lines": []}}, "classes": {"": {"executed_lines": [], "summary": {"covered_lines": 0, "num_statements": 54, "percent_covered": 0.0, "percent_covered_display": "0", "missing_lines": 54, "excluded_lines": 0}, "missing_lines": [6, 8, 9, 10, 11, 13, 14, 16, 19, 32, 33, 35, 36, 38, 39, 64, 69, 70, 72, 73, 74, 92, 93, 95, 96, 97, 98, 99, 100, 102, 103, 104, 105, 106, 107, 109, 126, 127, 128, 129, 132, 145, 146, 149, 152, 153, 155, 156, 157, 158, 160, 162, 177, 180], "excluded_lines": []}}}, "src/luthien_proxy/control_plane/conversation/snapshots.py": {"executed_lines": [1, 3, 5, 6, 8, 9, 12, 154], "summary": {"covered_lines": 7, "num_statements": 86, "percent_covered": 8.13953488372093, "percent_covered_display": "8", "missing_lines": 79, "excluded_lines": 0}, "missing_lines": [14, 18, 19, 20, 21, 22, 23, 24, 26, 28, 29, 30, 32, 33, 34, 35, 36, 37, 38, 40, 41, 42, 44, 46, 49, 50, 52, 53, 54, 55, 57, 58, 59, 60, 62, 64, 67, 68, 70, 71, 72, 73, 74, 75, 77, 78, 79, 80, 81, 82, 85, 86, 87, 92, 93, 94, 96, 97, 98, 99, 100, 102, 104, 105, 107, 108, 109, 111, 112, 113, 116, 117, 118, 119, 121, 129, 134, 149, 151], "excluded_lines": [], "functions": {"build_call_snapshots": {"executed_lines": [], "summary": {"covered_lines": 0, "num_statements": 79, "percent_covered": 0.0, "percent_covered_display": "0", "missing_lines": 79, "excluded_lines": 0}, "missing_lines": [14, 18, 19, 20, 21, 22, 23, 24, 26, 28, 29, 30, 32, 33, 34, 35, 36, 37, 38, 40, 41, 42, 44, 46, 49, 50, 52, 53, 54, 55, 57, 58, 59, 60, 62, 64, 67, 68, 70, 71, 72, 73, 74, 75, 77, 78, 79, 80, 81, 82, 85, 86, 87, 92, 93, 94, 96, 97, 98, 99, 100, 102, 104, 105, 107, 108, 109, 111, 112, 113, 116, 117, 118, 119, 121, 129, 134, 149, 151], "excluded_lines": []}, "": {"executed_lines": [1, 3, 5, 6, 8, 9, 12, 154], "summary": {"covered_lines": 7, "num_statements": 7, "percent_covered": 100.0, "percent_covered_display": "100", "missing_lines": 0, "excluded_lines": 0}, "missing_lines": [], "excluded_lines": []}}, "classes": {"": {"executed_lines": [1, 3, 5, 6, 8, 9, 12, 154], "summary": {"covered_lines": 7, "num_statements": 86, "percent_covered": 8.13953488372093, "percent_covered_display": "8", "missing_lines": 79, "excluded_lines": 0}, "missing_lines": [14, 18, 19, 20, 21, 22, 23, 24, 26, 28, 29, 30, 32, 33, 34, 35, 36, 37, 38, 40, 41, 42, 44, 46, 49, 50, 52, 53, 54, 55, 57, 58, 59, 60, 62, 64, 67, 68, 70, 71, 72, 73, 74, 75, 77, 78, 79, 80, 81, 82, 85, 86, 87, 92, 93, 94, 96, 97, 98, 99, 100, 102, 104, 105, 107, 108, 109, 111, 112, 113, 116, 117, 118, 119, 121, 129, 134, 149, 151], "excluded_lines": []}}}, "src/luthien_proxy/control_plane/conversation/store.py": {"executed_lines": [1, 3, 5, 6, 8, 9, 12, 32, 48, 68, 87, 110], "summary": {"covered_lines": 11, "num_statements": 33, "percent_covered": 33.333333333333336, "percent_covered_display": "33", "missing_lines": 22, "excluded_lines": 0}, "missing_lines": [17, 18, 20, 21, 22, 24, 25, 26, 27, 29, 35, 37, 50, 51, 52, 54, 70, 71, 72, 74, 89, 91], "excluded_lines": [], "functions": {"record_conversation_events": {"executed_lines": [], "summary": {"covered_lines": 0, "num_statements": 10, "percent_covered": 0.0, "percent_covered_display": "0", "missing_lines": 10, "excluded_lines": 0}, "missing_lines": [17, 18, 20, 21, 22, 24, 25, 26, 27, 29], "excluded_lines": []}, "_ensure_call_row": {"executed_lines": [], "summary": {"covered_lines": 0, "num_statements": 2, "percent_covered": 0.0, "percent_covered_display": "0", "missing_lines": 2, "excluded_lines": 0}, "missing_lines": [35, 37], "excluded_lines": []}, "_apply_request_event": {"executed_lines": [], "summary": {"covered_lines": 0, "num_statements": 4, "percent_covered": 0.0, "percent_covered_display": "0", "missing_lines": 4, "excluded_lines": 0}, "missing_lines": [50, 51, 52, 54], "excluded_lines": []}, "_apply_response_event": {"executed_lines": [], "summary": {"covered_lines": 0, "num_statements": 4, "percent_covered": 0.0, "percent_covered_display": "0", "missing_lines": 4, "excluded_lines": 0}, "missing_lines": [70, 71, 72, 74], "excluded_lines": []}, "_insert_event_row": {"executed_lines": [], "summary": {"covered_lines": 0, "num_statements": 2, "percent_covered": 0.0, "percent_covered_display": "0", "missing_lines": 2, "excluded_lines": 0}, "missing_lines": [89, 91], "excluded_lines": []}, "": {"executed_lines": [1, 3, 5, 6, 8, 9, 12, 32, 48, 68, 87, 110], "summary": {"covered_lines": 11, "num_statements": 11, "percent_covered": 100.0, "percent_covered_display": "100", "missing_lines": 0, "excluded_lines": 0}, "missing_lines": [], "excluded_lines": []}}, "classes": {"": {"executed_lines": [1, 3, 5, 6, 8, 9, 12, 32, 48, 68, 87, 110], "summary": {"covered_lines": 11, "num_statements": 33, "percent_covered": 33.333333333333336, "percent_covered_display": "33", "missing_lines": 22, "excluded_lines": 0}, "missing_lines": [17, 18, 20, 21, 22, 24, 25, 26, 27, 29, 35, 37, 50, 51, 52, 54, 70, 71, 72, 74, 89, 91], "excluded_lines": []}}}, "src/luthien_proxy/control_plane/conversation/streams.py": {"executed_lines": [1, 3, 5, 6, 7, 8, 9, 11, 12, 14, 16, 18, 19, 27, 32, 50, 105, 116], "summary": {"covered_lines": 17, "num_statements": 53, "percent_covered": 32.075471698113205, "percent_covered_display": "32", "missing_lines": 36, "excluded_lines": 14}, "missing_lines": [29, 37, 38, 39, 40, 44, 45, 56, 57, 58, 59, 60, 61, 62, 63, 64, 65, 66, 70, 84, 85, 86, 87, 88, 89, 91, 92, 93, 95, 96, 97, 99, 100, 111, 112, 113], "excluded_lines": [41, 42, 43, 46, 47, 71, 72, 73, 74, 80, 81, 82, 101, 102], "functions": {"conversation_channel": {"executed_lines": [], "summary": {"covered_lines": 0, "num_statements": 1, "percent_covered": 0.0, "percent_covered_display": "0", "missing_lines": 1, "excluded_lines": 0}, "missing_lines": [29], "excluded_lines": []}, "publish_conversation_event": {"executed_lines": [], "summary": {"covered_lines": 0, "num_statements": 6, "percent_covered": 0.0, "percent_covered_display": "0", "missing_lines": 6, "excluded_lines": 5}, "missing_lines": [37, 38, 39, 40, 44, 45], "excluded_lines": [41, 42, 43, 46, 47]}, "_stream_from_channel": {"executed_lines": [], "summary": {"covered_lines": 0, "num_statements": 26, "percent_covered": 0.0, "percent_covered_display": "0", "missing_lines": 26, "excluded_lines": 9}, "missing_lines": [56, 57, 58, 59, 60, 61, 62, 63, 64, 65, 66, 70, 84, 85, 86, 87, 88, 89, 91, 92, 93, 95, 96, 97, 99, 100], "excluded_lines": [71, 72, 73, 74, 80, 81, 82, 101, 102]}, "conversation_sse_stream": {"executed_lines": [], "summary": {"covered_lines": 0, "num_statements": 3, "percent_covered": 0.0, "percent_covered_display": "0", "missing_lines": 3, "excluded_lines": 0}, "missing_lines": [111, 112, 113], "excluded_lines": []}, "": {"executed_lines": [1, 3, 5, 6, 7, 8, 9, 11, 12, 14, 16, 18, 19, 27, 32, 50, 105, 116], "summary": {"covered_lines": 17, "num_statements": 17, "percent_covered": 100.0, "percent_covered_display": "100", "missing_lines": 0, "excluded_lines": 0}, "missing_lines": [], "excluded_lines": []}}, "classes": {"": {"executed_lines": [1, 3, 5, 6, 7, 8, 9, 11, 12, 14, 16, 18, 19, 27, 32, 50, 105, 116], "summary": {"covered_lines": 17, "num_statements": 53, "percent_covered": 32.075471698113205, "percent_covered_display": "32", "missing_lines": 36, "excluded_lines": 14}, "missing_lines": [29, 37, 38, 39, 40, 44, 45, 56, 57, 58, 59, 60, 61, 62, 63, 64, 65, 66, 70, 84, 85, 86, 87, 88, 89, 91, 92, 93, 95, 96, 97, 99, 100, 111, 112, 113], "excluded_lines": [41, 42, 43, 46, 47, 71, 72, 73, 74, 80, 81, 82, 101, 102]}}}, "src/luthien_proxy/control_plane/conversation/utils.py": {"executed_lines": [1, 3, 5, 6, 7, 9, 11, 14, 18, 27, 34, 41, 93, 103, 116, 122, 132, 150, 172, 189, 194, 207, 219, 230, 253, 264, 325, 327, 328, 329, 331, 332, 333, 334, 336, 337, 338, 339, 341, 342, 343, 344, 346, 349, 351, 352, 353, 355, 358, 367, 378, 390, 409], "summary": {"covered_lines": 52, "num_statements": 304, "percent_covered": 17.105263157894736, "percent_covered_display": "17", "missing_lines": 252, "excluded_lines": 0}, "missing_lines": [15, 20, 21, 22, 23, 24, 29, 30, 31, 36, 37, 38, 44, 45, 46, 48, 49, 51, 52, 53, 54, 55, 56, 57, 59, 61, 62, 63, 64, 65, 66, 67, 69, 71, 72, 73, 74, 75, 76, 77, 79, 81, 82, 83, 84, 85, 86, 87, 88, 90, 95, 96, 97, 98, 99, 100, 105, 106, 107, 108, 109, 110, 111, 112, 113, 118, 119, 124, 125, 126, 127, 128, 129, 134, 135, 136, 137, 138, 139, 140, 141, 142, 143, 144, 145, 146, 147, 152, 153, 154, 155, 156, 157, 158, 159, 160, 161, 162, 163, 164, 165, 166, 167, 168, 169, 174, 175, 176, 177, 178, 179, 180, 181, 182, 183, 184, 185, 186, 191, 196, 197, 198, 199, 200, 201, 202, 203, 204, 209, 210, 211, 212, 213, 214, 216, 221, 222, 223, 224, 225, 226, 227, 232, 233, 235, 236, 237, 239, 240, 241, 242, 243, 245, 246, 247, 248, 249, 250, 255, 256, 257, 258, 259, 260, 261, 266, 267, 269, 270, 271, 272, 273, 274, 275, 276, 277, 278, 279, 280, 281, 282, 283, 284, 285, 286, 287, 288, 289, 290, 291, 292, 293, 294, 295, 296, 297, 298, 299, 300, 301, 302, 303, 304, 305, 306, 307, 308, 309, 310, 311, 312, 313, 314, 315, 316, 318, 319, 320, 321, 322, 330, 335, 340, 345, 354, 360, 361, 362, 363, 364, 369, 370, 371, 372, 373, 374, 375, 380, 381, 382, 383, 384, 385, 386, 387, 400, 401, 402, 403, 404, 405, 406], "excluded_lines": [], "functions": {"_is_primitive": {"executed_lines": [], "summary": {"covered_lines": 0, "num_statements": 1, "percent_covered": 0.0, "percent_covered_display": "0", "missing_lines": 1, "excluded_lines": 0}, "missing_lines": [15], "excluded_lines": []}, "require_dict": {"executed_lines": [], "summary": {"covered_lines": 0, "num_statements": 5, "percent_covered": 0.0, "percent_covered_display": "0", "missing_lines": 5, "excluded_lines": 0}, "missing_lines": [20, 21, 22, 23, 24], "excluded_lines": []}, "require_list": {"executed_lines": [], "summary": {"covered_lines": 0, "num_statements": 3, "percent_covered": 0.0, "percent_covered_display": "0", "missing_lines": 3, "excluded_lines": 0}, "missing_lines": [29, 30, 31], "excluded_lines": []}, "require_str": {"executed_lines": [], "summary": {"covered_lines": 0, "num_statements": 3, "percent_covered": 0.0, "percent_covered_display": "0", "missing_lines": 3, "excluded_lines": 0}, "missing_lines": [36, 37, 38], "excluded_lines": []}, "json_safe": {"executed_lines": [], "summary": {"covered_lines": 0, "num_statements": 2, "percent_covered": 0.0, "percent_covered_display": "0", "missing_lines": 2, "excluded_lines": 0}, "missing_lines": [44, 90], "excluded_lines": []}, "json_safe._inner": {"executed_lines": [], "summary": {"covered_lines": 0, "num_statements": 36, "percent_covered": 0.0, "percent_covered_display": "0", "missing_lines": 36, "excluded_lines": 0}, "missing_lines": [45, 46, 48, 49, 51, 52, 53, 54, 55, 56, 57, 59, 61, 62, 63, 64, 65, 66, 67, 69, 71, 72, 73, 74, 75, 76, 77, 79, 81, 82, 83, 84, 85, 86, 87, 88], "excluded_lines": []}, "_stringify_arguments": {"executed_lines": [], "summary": {"covered_lines": 0, "num_statements": 6, "percent_covered": 0.0, "percent_covered_display": "0", "missing_lines": 6, "excluded_lines": 0}, "missing_lines": [95, 96, 97, 98, 99, 100], "excluded_lines": []}, "_format_call": {"executed_lines": [], "summary": {"covered_lines": 0, "num_statements": 9, "percent_covered": 0.0, "percent_covered_display": "0", "missing_lines": 9, "excluded_lines": 0}, "missing_lines": [105, 106, 107, 108, 109, 110, 111, 112, 113], "excluded_lines": []}, "format_function_call_delta": {"executed_lines": [], "summary": {"covered_lines": 0, "num_statements": 2, "percent_covered": 0.0, "percent_covered_display": "0", "missing_lines": 2, "excluded_lines": 0}, "missing_lines": [118, 119], "excluded_lines": []}, "format_tool_call_delta": {"executed_lines": [], "summary": {"covered_lines": 0, "num_statements": 6, "percent_covered": 0.0, "percent_covered_display": "0", "missing_lines": 6, "excluded_lines": 0}, "missing_lines": [124, 125, 126, 127, 128, 129], "excluded_lines": []}, "format_tool_calls_summary": {"executed_lines": [], "summary": {"covered_lines": 0, "num_statements": 14, "percent_covered": 0.0, "percent_covered_display": "0", "missing_lines": 14, "excluded_lines": 0}, "missing_lines": [134, 135, 136, 137, 138, 139, 140, 141, 142, 143, 144, 145, 146, 147], "excluded_lines": []}, "message_content_to_text": {"executed_lines": [], "summary": {"covered_lines": 0, "num_statements": 18, "percent_covered": 0.0, "percent_covered_display": "0", "missing_lines": 18, "excluded_lines": 0}, "missing_lines": [152, 153, 154, 155, 156, 157, 158, 159, 160, 161, 162, 163, 164, 165, 166, 167, 168, 169], "excluded_lines": []}, "messages_from_payload": {"executed_lines": [], "summary": {"covered_lines": 0, "num_statements": 13, "percent_covered": 0.0, "percent_covered_display": "0", "missing_lines": 13, "excluded_lines": 0}, "missing_lines": [174, 175, 176, 177, 178, 179, 180, 181, 182, 183, 184, 185, 186], "excluded_lines": []}, "format_messages": {"executed_lines": [], "summary": {"covered_lines": 0, "num_statements": 1, "percent_covered": 0.0, "percent_covered_display": "0", "missing_lines": 1, "excluded_lines": 0}, "missing_lines": [191], "excluded_lines": []}, "extract_choice_index": {"executed_lines": [], "summary": {"covered_lines": 0, "num_statements": 9, "percent_covered": 0.0, "percent_covered_display": "0", "missing_lines": 9, "excluded_lines": 0}, "missing_lines": [196, 197, 198, 199, 200, 201, 202, 203, 204], "excluded_lines": []}, "delta_from_chunk": {"executed_lines": [], "summary": {"covered_lines": 0, "num_statements": 7, "percent_covered": 0.0, "percent_covered_display": "0", "missing_lines": 7, "excluded_lines": 0}, "missing_lines": [209, 210, 211, 212, 213, 214, 216], "excluded_lines": []}, "extract_stream_chunk": {"executed_lines": [], "summary": {"covered_lines": 0, "num_statements": 7, "percent_covered": 0.0, "percent_covered_display": "0", "missing_lines": 7, "excluded_lines": 0}, "missing_lines": [221, 222, 223, 224, 225, 226, 227], "excluded_lines": []}, "extract_trace_id": {"executed_lines": [], "summary": {"covered_lines": 0, "num_statements": 16, "percent_covered": 0.0, "percent_covered_display": "0", "missing_lines": 16, "excluded_lines": 0}, "missing_lines": [232, 233, 235, 236, 237, 239, 240, 241, 242, 243, 245, 246, 247, 248, 249, 250], "excluded_lines": []}, "unwrap_response": {"executed_lines": [], "summary": {"covered_lines": 0, "num_statements": 7, "percent_covered": 0.0, "percent_covered_display": "0", "missing_lines": 7, "excluded_lines": 0}, "missing_lines": [255, 256, 257, 258, 259, 260, 261], "excluded_lines": []}, "extract_response_text": {"executed_lines": [], "summary": {"covered_lines": 0, "num_statements": 55, "percent_covered": 0.0, "percent_covered_display": "0", "missing_lines": 55, "excluded_lines": 0}, "missing_lines": [266, 267, 269, 270, 271, 272, 273, 274, 275, 276, 277, 278, 279, 280, 281, 282, 283, 284, 285, 286, 287, 288, 289, 290, 291, 292, 293, 294, 295, 296, 297, 298, 299, 300, 301, 302, 303, 304, 305, 306, 307, 308, 309, 310, 311, 312, 313, 314, 315, 316, 318, 319, 320, 321, 322], "excluded_lines": []}, "extract_post_time_ns_from_any": {"executed_lines": [327, 328, 329, 331, 332, 333, 334, 336, 337, 338, 339, 341, 342, 343, 344, 346], "summary": {"covered_lines": 16, "num_statements": 20, "percent_covered": 80.0, "percent_covered_display": "80", "missing_lines": 4, "excluded_lines": 0}, "missing_lines": [330, 335, 340, 345], "excluded_lines": []}, "derive_sequence_ns": {"executed_lines": [351, 352, 353, 355], "summary": {"covered_lines": 4, "num_statements": 5, "percent_covered": 80.0, "percent_covered_display": "80", "missing_lines": 1, "excluded_lines": 0}, "missing_lines": [354], "excluded_lines": []}, "strip_post_time_ns": {"executed_lines": [], "summary": {"covered_lines": 0, "num_statements": 5, "percent_covered": 0.0, "percent_covered_display": "0", "missing_lines": 5, "excluded_lines": 0}, "missing_lines": [360, 361, 362, 363, 364], "excluded_lines": []}, "message_equals": {"executed_lines": [], "summary": {"covered_lines": 0, "num_statements": 7, "percent_covered": 0.0, "percent_covered_display": "0", "missing_lines": 7, "excluded_lines": 0}, "missing_lines": [369, 370, 371, 372, 373, 374, 375], "excluded_lines": []}, "clone_messages": {"executed_lines": [], "summary": {"covered_lines": 0, "num_statements": 8, "percent_covered": 0.0, "percent_covered_display": "0", "missing_lines": 8, "excluded_lines": 0}, "missing_lines": [380, 381, 382, 383, 384, 385, 386, 387], "excluded_lines": []}, "normalize_status": {"executed_lines": [], "summary": {"covered_lines": 0, "num_statements": 7, "percent_covered": 0.0, "percent_covered_display": "0", "missing_lines": 7, "excluded_lines": 0}, "missing_lines": [400, 401, 402, 403, 404, 405, 406], "excluded_lines": []}, "": {"executed_lines": [1, 3, 5, 6, 7, 9, 11, 14, 18, 27, 34, 41, 93, 103, 116, 122, 132, 150, 172, 189, 194, 207, 219, 230, 253, 264, 325, 349, 358, 367, 378, 390, 409], "summary": {"covered_lines": 32, "num_statements": 32, "percent_covered": 100.0, "percent_covered_display": "100", "missing_lines": 0, "excluded_lines": 0}, "missing_lines": [], "excluded_lines": []}}, "classes": {"": {"executed_lines": [1, 3, 5, 6, 7, 9, 11, 14, 18, 27, 34, 41, 93, 103, 116, 122, 132, 150, 172, 189, 194, 207, 219, 230, 253, 264, 325, 327, 328, 329, 331, 332, 333, 334, 336, 337, 338, 339, 341, 342, 343, 344, 346, 349, 351, 352, 353, 355, 358, 367, 378, 390, 409], "summary": {"covered_lines": 52, "num_statements": 304, "percent_covered": 17.105263157894736, "percent_covered_display": "17", "missing_lines": 252, "excluded_lines": 0}, "missing_lines": [15, 20, 21, 22, 23, 24, 29, 30, 31, 36, 37, 38, 44, 45, 46, 48, 49, 51, 52, 53, 54, 55, 56, 57, 59, 61, 62, 63, 64, 65, 66, 67, 69, 71, 72, 73, 74, 75, 76, 77, 79, 81, 82, 83, 84, 85, 86, 87, 88, 90, 95, 96, 97, 98, 99, 100, 105, 106, 107, 108, 109, 110, 111, 112, 113, 118, 119, 124, 125, 126, 127, 128, 129, 134, 135, 136, 137, 138, 139, 140, 141, 142, 143, 144, 145, 146, 147, 152, 153, 154, 155, 156, 157, 158, 159, 160, 161, 162, 163, 164, 165, 166, 167, 168, 169, 174, 175, 176, 177, 178, 179, 180, 181, 182, 183, 184, 185, 186, 191, 196, 197, 198, 199, 200, 201, 202, 203, 204, 209, 210, 211, 212, 213, 214, 216, 221, 222, 223, 224, 225, 226, 227, 232, 233, 235, 236, 237, 239, 240, 241, 242, 243, 245, 246, 247, 248, 249, 250, 255, 256, 257, 258, 259, 260, 261, 266, 267, 269, 270, 271, 272, 273, 274, 275, 276, 277, 278, 279, 280, 281, 282, 283, 284, 285, 286, 287, 288, 289, 290, 291, 292, 293, 294, 295, 296, 297, 298, 299, 300, 301, 302, 303, 304, 305, 306, 307, 308, 309, 310, 311, 312, 313, 314, 315, 316, 318, 319, 320, 321, 322, 330, 335, 340, 345, 354, 360, 361, 362, 363, 364, 369, 370, 371, 372, 373, 374, 375, 380, 381, 382, 383, 384, 385, 386, 387, 400, 401, 402, 403, 404, 405, 406], "excluded_lines": []}}}, "src/luthien_proxy/control_plane/debug_records.py": {"executed_lines": [], "summary": {"covered_lines": 0, "num_statements": 15, "percent_covered": 0.0, "percent_covered_display": "0", "missing_lines": 15, "excluded_lines": 4}, "missing_lines": [3, 5, 6, 8, 9, 10, 12, 15, 21, 22, 23, 31, 32, 33, 40], "excluded_lines": [34, 35, 36, 37], "functions": {"record_debug_event": {"executed_lines": [], "summary": {"covered_lines": 0, "num_statements": 6, "percent_covered": 0.0, "percent_covered_display": "0", "missing_lines": 6, "excluded_lines": 4}, "missing_lines": [21, 22, 23, 31, 32, 33], "excluded_lines": [34, 35, 36, 37]}, "": {"executed_lines": [], "summary": {"covered_lines": 0, "num_statements": 9, "percent_covered": 0.0, "percent_covered_display": "0", "missing_lines": 9, "excluded_lines": 0}, "missing_lines": [3, 5, 6, 8, 9, 10, 12, 15, 40], "excluded_lines": []}}, "classes": {"": {"executed_lines": [], "summary": {"covered_lines": 0, "num_statements": 15, "percent_covered": 0.0, "percent_covered_display": "0", "missing_lines": 15, "excluded_lines": 4}, "missing_lines": [3, 5, 6, 8, 9, 10, 12, 15, 21, 22, 23, 31, 32, 33, 40], "excluded_lines": [34, 35, 36, 37]}}}, "src/luthien_proxy/control_plane/debug_routes.py": {"executed_lines": [], "summary": {"covered_lines": 0, "num_statements": 89, "percent_covered": 0.0, "percent_covered_display": "0", "missing_lines": 89, "excluded_lines": 0}, "missing_lines": [3, 5, 6, 7, 8, 10, 11, 13, 14, 15, 16, 18, 20, 22, 25, 27, 28, 29, 30, 31, 32, 33, 34, 35, 36, 37, 38, 39, 40, 43, 46, 47, 48, 49, 52, 55, 56, 57, 60, 63, 64, 65, 66, 69, 70, 77, 78, 79, 80, 81, 82, 93, 94, 95, 105, 106, 107, 110, 111, 116, 117, 118, 119, 120, 121, 129, 130, 139, 140, 141, 144, 145, 153, 154, 155, 156, 157, 158, 159, 165, 166, 167, 179, 180, 181, 191, 192, 193, 196], "excluded_lines": [], "functions": {"_parse_debug_jsonblob": {"executed_lines": [], "summary": {"covered_lines": 0, "num_statements": 14, "percent_covered": 0.0, "percent_covered_display": "0", "missing_lines": 14, "excluded_lines": 0}, "missing_lines": [27, 28, 29, 30, 31, 32, 33, 34, 35, 36, 37, 38, 39, 40], "excluded_lines": []}, "get_debug_entries": {"executed_lines": [], "summary": {"covered_lines": 0, "num_statements": 12, "percent_covered": 0.0, "percent_covered_display": "0", "missing_lines": 12, "excluded_lines": 0}, "missing_lines": [77, 78, 79, 80, 81, 82, 93, 94, 95, 105, 106, 107], "excluded_lines": []}, "get_debug_types": {"executed_lines": [], "summary": {"covered_lines": 0, "num_statements": 11, "percent_covered": 0.0, "percent_covered_display": "0", "missing_lines": 11, "excluded_lines": 0}, "missing_lines": [116, 117, 118, 119, 120, 121, 129, 130, 139, 140, 141], "excluded_lines": []}, "get_debug_page": {"executed_lines": [], "summary": {"covered_lines": 0, "num_statements": 16, "percent_covered": 0.0, "percent_covered_display": "0", "missing_lines": 16, "excluded_lines": 0}, "missing_lines": [153, 154, 155, 156, 157, 158, 159, 165, 166, 167, 179, 180, 181, 191, 192, 193], "excluded_lines": []}, "": {"executed_lines": [], "summary": {"covered_lines": 0, "num_statements": 36, "percent_covered": 0.0, "percent_covered_display": "0", "missing_lines": 36, "excluded_lines": 0}, "missing_lines": [3, 5, 6, 7, 8, 10, 11, 13, 14, 15, 16, 18, 20, 22, 25, 43, 46, 47, 48, 49, 52, 55, 56, 57, 60, 63, 64, 65, 66, 69, 70, 110, 111, 144, 145, 196], "excluded_lines": []}}, "classes": {"DebugEntry": {"executed_lines": [], "summary": {"covered_lines": 0, "num_statements": 0, "percent_covered": 100.0, "percent_covered_display": "100", "missing_lines": 0, "excluded_lines": 0}, "missing_lines": [], "excluded_lines": []}, "DebugTypeInfo": {"executed_lines": [], "summary": {"covered_lines": 0, "num_statements": 0, "percent_covered": 100.0, "percent_covered_display": "100", "missing_lines": 0, "excluded_lines": 0}, "missing_lines": [], "excluded_lines": []}, "DebugPage": {"executed_lines": [], "summary": {"covered_lines": 0, "num_statements": 0, "percent_covered": 100.0, "percent_covered_display": "100", "missing_lines": 0, "excluded_lines": 0}, "missing_lines": [], "excluded_lines": []}, "": {"executed_lines": [], "summary": {"covered_lines": 0, "num_statements": 89, "percent_covered": 0.0, "percent_covered_display": "0", "missing_lines": 89, "excluded_lines": 0}, "missing_lines": [3, 5, 6, 7, 8, 10, 11, 13, 14, 15, 16, 18, 20, 22, 25, 27, 28, 29, 30, 31, 32, 33, 34, 35, 36, 37, 38, 39, 40, 43, 46, 47, 48, 49, 52, 55, 56, 57, 60, 63, 64, 65, 66, 69, 70, 77, 78, 79, 80, 81, 82, 93, 94, 95, 105, 106, 107, 110, 111, 116, 117, 118, 119, 120, 121, 129, 130, 139, 140, 141, 144, 145, 153, 154, 155, 156, 157, 158, 159, 165, 166, 167, 179, 180, 181, 191, 192, 193, 196], "excluded_lines": []}}}, "src/luthien_proxy/control_plane/demo_routes.py": {"executed_lines": [], "summary": {"covered_lines": 0, "num_statements": 52, "percent_covered": 0.0, "percent_covered_display": "0", "missing_lines": 52, "excluded_lines": 0}, "missing_lines": [11, 13, 15, 16, 17, 18, 19, 21, 22, 24, 27, 28, 35, 38, 41, 42, 45, 48, 49, 52, 55, 56, 57, 60, 61, 67, 103, 104, 110, 112, 116, 118, 120, 125, 150, 151, 152, 155, 156, 157, 158, 161, 162, 163, 164, 166, 167, 168, 170, 171, 173, 174], "excluded_lines": [], "functions": {"demo_ui": {"executed_lines": [], "summary": {"covered_lines": 0, "num_statements": 1, "percent_covered": 0.0, "percent_covered_display": "0", "missing_lines": 1, "excluded_lines": 0}, "missing_lines": [35], "excluded_lines": []}, "get_demo_examples": {"executed_lines": [], "summary": {"covered_lines": 0, "num_statements": 1, "percent_covered": 0.0, "percent_covered_display": "0", "missing_lines": 1, "excluded_lines": 0}, "missing_lines": [67], "excluded_lines": []}, "run_live_demo": {"executed_lines": [], "summary": {"covered_lines": 0, "num_statements": 24, "percent_covered": 0.0, "percent_covered_display": "0", "missing_lines": 24, "excluded_lines": 0}, "missing_lines": [110, 112, 116, 118, 120, 125, 150, 151, 152, 155, 156, 157, 158, 161, 162, 163, 164, 166, 167, 168, 170, 171, 173, 174], "excluded_lines": []}, "": {"executed_lines": [], "summary": {"covered_lines": 0, "num_statements": 26, "percent_covered": 0.0, "percent_covered_display": "0", "missing_lines": 26, "excluded_lines": 0}, "missing_lines": [11, 13, 15, 16, 17, 18, 19, 21, 22, 24, 27, 28, 38, 41, 42, 45, 48, 49, 52, 55, 56, 57, 60, 61, 103, 104], "excluded_lines": []}}, "classes": {"DemoScenario": {"executed_lines": [], "summary": {"covered_lines": 0, "num_statements": 0, "percent_covered": 100.0, "percent_covered_display": "100", "missing_lines": 0, "excluded_lines": 0}, "missing_lines": [], "excluded_lines": []}, "DemoRequest": {"executed_lines": [], "summary": {"covered_lines": 0, "num_statements": 0, "percent_covered": 100.0, "percent_covered_display": "100", "missing_lines": 0, "excluded_lines": 0}, "missing_lines": [], "excluded_lines": []}, "DemoResponse": {"executed_lines": [], "summary": {"covered_lines": 0, "num_statements": 0, "percent_covered": 100.0, "percent_covered_display": "100", "missing_lines": 0, "excluded_lines": 0}, "missing_lines": [], "excluded_lines": []}, "": {"executed_lines": [], "summary": {"covered_lines": 0, "num_statements": 52, "percent_covered": 0.0, "percent_covered_display": "0", "missing_lines": 52, "excluded_lines": 0}, "missing_lines": [11, 13, 15, 16, 17, 18, 19, 21, 22, 24, 27, 28, 35, 38, 41, 42, 45, 48, 49, 52, 55, 56, 57, 60, 61, 67, 103, 104, 110, 112, 116, 118, 120, 125, 150, 151, 152, 155, 156, 157, 158, 161, 162, 163, 164, 166, 167, 168, 170, 171, 173, 174], "excluded_lines": []}}}, "src/luthien_proxy/control_plane/dependencies.py": {"executed_lines": [], "summary": {"covered_lines": 0, "num_statements": 92, "percent_covered": 0.0, "percent_covered_display": "0", "missing_lines": 92, "excluded_lines": 0}, "missing_lines": [3, 5, 6, 8, 10, 11, 12, 13, 15, 17, 20, 23, 24, 25, 26, 27, 28, 29, 30, 33, 34, 37, 39, 40, 41, 42, 43, 44, 45, 46, 49, 51, 52, 53, 54, 55, 56, 57, 58, 61, 63, 64, 65, 66, 67, 68, 69, 70, 73, 75, 76, 77, 78, 79, 80, 81, 82, 85, 87, 88, 89, 90, 91, 92, 95, 97, 98, 99, 100, 101, 102, 103, 104, 107, 109, 110, 111, 112, 113, 114, 115, 116, 119, 121, 122, 123, 124, 125, 126, 127, 128, 131], "excluded_lines": [], "functions": {"_require_app_state": {"executed_lines": [], "summary": {"covered_lines": 0, "num_statements": 1, "percent_covered": 0.0, "percent_covered_display": "0", "missing_lines": 1, "excluded_lines": 0}, "missing_lines": [34], "excluded_lines": []}, "get_project_config": {"executed_lines": [], "summary": {"covered_lines": 0, "num_statements": 8, "percent_covered": 0.0, "percent_covered_display": "0", "missing_lines": 8, "excluded_lines": 0}, "missing_lines": [39, 40, 41, 42, 43, 44, 45, 46], "excluded_lines": []}, "get_active_policy": {"executed_lines": [], "summary": {"covered_lines": 0, "num_statements": 8, "percent_covered": 0.0, "percent_covered_display": "0", "missing_lines": 8, "excluded_lines": 0}, "missing_lines": [51, 52, 53, 54, 55, 56, 57, 58], "excluded_lines": []}, "get_hook_counter_state": {"executed_lines": [], "summary": {"covered_lines": 0, "num_statements": 8, "percent_covered": 0.0, "percent_covered_display": "0", "missing_lines": 8, "excluded_lines": 0}, "missing_lines": [63, 64, 65, 66, 67, 68, 69, 70], "excluded_lines": []}, "get_debug_log_writer": {"executed_lines": [], "summary": {"covered_lines": 0, "num_statements": 8, "percent_covered": 0.0, "percent_covered_display": "0", "missing_lines": 8, "excluded_lines": 0}, "missing_lines": [75, 76, 77, 78, 79, 80, 81, 82], "excluded_lines": []}, "get_database_pool": {"executed_lines": [], "summary": {"covered_lines": 0, "num_statements": 6, "percent_covered": 0.0, "percent_covered_display": "0", "missing_lines": 6, "excluded_lines": 0}, "missing_lines": [87, 88, 89, 90, 91, 92], "excluded_lines": []}, "get_redis_client": {"executed_lines": [], "summary": {"covered_lines": 0, "num_statements": 8, "percent_covered": 0.0, "percent_covered_display": "0", "missing_lines": 8, "excluded_lines": 0}, "missing_lines": [97, 98, 99, 100, 101, 102, 103, 104], "excluded_lines": []}, "get_conversation_rate_limiter": {"executed_lines": [], "summary": {"covered_lines": 0, "num_statements": 8, "percent_covered": 0.0, "percent_covered_display": "0", "missing_lines": 8, "excluded_lines": 0}, "missing_lines": [109, 110, 111, 112, 113, 114, 115, 116], "excluded_lines": []}, "get_conversation_stream_config": {"executed_lines": [], "summary": {"covered_lines": 0, "num_statements": 8, "percent_covered": 0.0, "percent_covered_display": "0", "missing_lines": 8, "excluded_lines": 0}, "missing_lines": [121, 122, 123, 124, 125, 126, 127, 128], "excluded_lines": []}, "": {"executed_lines": [], "summary": {"covered_lines": 0, "num_statements": 29, "percent_covered": 0.0, "percent_covered_display": "0", "missing_lines": 29, "excluded_lines": 0}, "missing_lines": [3, 5, 6, 8, 10, 11, 12, 13, 15, 17, 20, 23, 24, 25, 26, 27, 28, 29, 30, 33, 37, 49, 61, 73, 85, 95, 107, 119, 131], "excluded_lines": []}}, "classes": {"AppState": {"executed_lines": [], "summary": {"covered_lines": 0, "num_statements": 0, "percent_covered": 100.0, "percent_covered_display": "100", "missing_lines": 0, "excluded_lines": 0}, "missing_lines": [], "excluded_lines": []}, "": {"executed_lines": [], "summary": {"covered_lines": 0, "num_statements": 92, "percent_covered": 0.0, "percent_covered_display": "0", "missing_lines": 92, "excluded_lines": 0}, "missing_lines": [3, 5, 6, 8, 10, 11, 12, 13, 15, 17, 20, 23, 24, 25, 26, 27, 28, 29, 30, 33, 34, 37, 39, 40, 41, 42, 43, 44, 45, 46, 49, 51, 52, 53, 54, 55, 56, 57, 58, 61, 63, 64, 65, 66, 67, 68, 69, 70, 73, 75, 76, 77, 78, 79, 80, 81, 82, 85, 87, 88, 89, 90, 91, 92, 95, 97, 98, 99, 100, 101, 102, 103, 104, 107, 109, 110, 111, 112, 113, 114, 115, 116, 119, 121, 122, 123, 124, 125, 126, 127, 128, 131], "excluded_lines": []}}}, "src/luthien_proxy/control_plane/endpoint_logger.py": {"executed_lines": [], "summary": {"covered_lines": 0, "num_statements": 60, "percent_covered": 0.0, "percent_covered_display": "0", "missing_lines": 60, "excluded_lines": 0}, "missing_lines": [6, 7, 9, 11, 14, 17, 23, 24, 26, 28, 29, 31, 32, 33, 34, 35, 37, 39, 47, 49, 50, 53, 54, 55, 56, 57, 58, 59, 65, 72, 74, 75, 77, 78, 85, 87, 88, 91, 92, 93, 94, 95, 96, 97, 103, 110, 112, 113, 115, 116, 118, 120, 121, 123, 124, 128, 131, 134, 135, 136], "excluded_lines": [], "functions": {"StreamingEndpointLogger.__init__": {"executed_lines": [], "summary": {"covered_lines": 0, "num_statements": 2, "percent_covered": 0.0, "percent_covered_display": "0", "missing_lines": 2, "excluded_lines": 0}, "missing_lines": [23, 24], "excluded_lines": []}, "StreamingEndpointLogger.log_start_message": {"executed_lines": [], "summary": {"covered_lines": 0, "num_statements": 9, "percent_covered": 0.0, "percent_covered_display": "0", "missing_lines": 9, "excluded_lines": 0}, "missing_lines": [28, 29, 31, 32, 33, 34, 35, 37, 39], "excluded_lines": []}, "StreamingEndpointLogger.log_incoming_chunk": {"executed_lines": [], "summary": {"covered_lines": 0, "num_statements": 10, "percent_covered": 0.0, "percent_covered_display": "0", "missing_lines": 10, "excluded_lines": 0}, "missing_lines": [49, 50, 53, 54, 55, 56, 57, 58, 59, 65], "excluded_lines": []}, "StreamingEndpointLogger.log_policy_invocation": {"executed_lines": [], "summary": {"covered_lines": 0, "num_statements": 4, "percent_covered": 0.0, "percent_covered_display": "0", "missing_lines": 4, "excluded_lines": 0}, "missing_lines": [74, 75, 77, 78], "excluded_lines": []}, "StreamingEndpointLogger.log_outgoing_chunk": {"executed_lines": [], "summary": {"covered_lines": 0, "num_statements": 10, "percent_covered": 0.0, "percent_covered_display": "0", "missing_lines": 10, "excluded_lines": 0}, "missing_lines": [87, 88, 91, 92, 93, 94, 95, 96, 97, 103], "excluded_lines": []}, "StreamingEndpointLogger.log_end_message": {"executed_lines": [], "summary": {"covered_lines": 0, "num_statements": 4, "percent_covered": 0.0, "percent_covered_display": "0", "missing_lines": 4, "excluded_lines": 0}, "missing_lines": [112, 113, 115, 116], "excluded_lines": []}, "StreamingEndpointLogger.log_error": {"executed_lines": [], "summary": {"covered_lines": 0, "num_statements": 4, "percent_covered": 0.0, "percent_covered_display": "0", "missing_lines": 4, "excluded_lines": 0}, "missing_lines": [120, 121, 123, 124], "excluded_lines": []}, "get_endpoint_logger": {"executed_lines": [], "summary": {"covered_lines": 0, "num_statements": 3, "percent_covered": 0.0, "percent_covered_display": "0", "missing_lines": 3, "excluded_lines": 0}, "missing_lines": [134, 135, 136], "excluded_lines": []}, "": {"executed_lines": [], "summary": {"covered_lines": 0, "num_statements": 14, "percent_covered": 0.0, "percent_covered_display": "0", "missing_lines": 14, "excluded_lines": 0}, "missing_lines": [6, 7, 9, 11, 14, 17, 26, 47, 72, 85, 110, 118, 128, 131], "excluded_lines": []}}, "classes": {"StreamingEndpointLogger": {"executed_lines": [], "summary": {"covered_lines": 0, "num_statements": 43, "percent_covered": 0.0, "percent_covered_display": "0", "missing_lines": 43, "excluded_lines": 0}, "missing_lines": [23, 24, 28, 29, 31, 32, 33, 34, 35, 37, 39, 49, 50, 53, 54, 55, 56, 57, 58, 59, 65, 74, 75, 77, 78, 87, 88, 91, 92, 93, 94, 95, 96, 97, 103, 112, 113, 115, 116, 120, 121, 123, 124], "excluded_lines": []}, "": {"executed_lines": [], "summary": {"covered_lines": 0, "num_statements": 17, "percent_covered": 0.0, "percent_covered_display": "0", "missing_lines": 17, "excluded_lines": 0}, "missing_lines": [6, 7, 9, 11, 14, 17, 26, 47, 72, 85, 110, 118, 128, 131, 134, 135, 136], "excluded_lines": []}}}, "src/luthien_proxy/control_plane/hook_result_handler.py": {"executed_lines": [], "summary": {"covered_lines": 0, "num_statements": 35, "percent_covered": 0.0, "percent_covered_display": "0", "missing_lines": 35, "excluded_lines": 0}, "missing_lines": [6, 8, 9, 10, 11, 13, 14, 19, 20, 24, 25, 28, 52, 53, 56, 63, 64, 66, 69, 76, 77, 80, 81, 91, 93, 96, 97, 100, 106, 107, 110, 111, 112, 115, 116], "excluded_lines": [], "functions": {"log_and_publish_hook_result": {"executed_lines": [], "summary": {"covered_lines": 0, "num_statements": 15, "percent_covered": 0.0, "percent_covered_display": "0", "missing_lines": 15, "excluded_lines": 0}, "missing_lines": [52, 53, 56, 63, 64, 66, 69, 76, 77, 80, 81, 91, 93, 96, 97], "excluded_lines": []}, "prepare_policy_payload": {"executed_lines": [], "summary": {"covered_lines": 0, "num_statements": 7, "percent_covered": 0.0, "percent_covered_display": "0", "missing_lines": 7, "excluded_lines": 0}, "missing_lines": [106, 107, 110, 111, 112, 115, 116], "excluded_lines": []}, "": {"executed_lines": [], "summary": {"covered_lines": 0, "num_statements": 13, "percent_covered": 0.0, "percent_covered_display": "0", "missing_lines": 13, "excluded_lines": 0}, "missing_lines": [6, 8, 9, 10, 11, 13, 14, 19, 20, 24, 25, 28, 100], "excluded_lines": []}}, "classes": {"": {"executed_lines": [], "summary": {"covered_lines": 0, "num_statements": 35, "percent_covered": 0.0, "percent_covered_display": "0", "missing_lines": 35, "excluded_lines": 0}, "missing_lines": [6, 8, 9, 10, 11, 13, 14, 19, 20, 24, 25, 28, 52, 53, 56, 63, 64, 66, 69, 76, 77, 80, 81, 91, 93, 96, 97, 100, 106, 107, 110, 111, 112, 115, 116], "excluded_lines": []}}}, "src/luthien_proxy/control_plane/hooks_routes.py": {"executed_lines": [], "summary": {"covered_lines": 0, "num_statements": 112, "percent_covered": 0.0, "percent_covered_display": "0", "missing_lines": 112, "excluded_lines": 0}, "missing_lines": [3, 5, 6, 7, 8, 9, 10, 11, 13, 14, 16, 17, 28, 29, 30, 31, 32, 33, 35, 46, 47, 48, 50, 52, 55, 60, 61, 62, 63, 64, 70, 71, 75, 78, 79, 101, 103, 104, 105, 109, 113, 114, 115, 116, 117, 120, 121, 122, 123, 124, 125, 127, 128, 129, 130, 131, 132, 133, 134, 135, 136, 137, 140, 145, 146, 147, 148, 149, 150, 153, 155, 156, 157, 159, 160, 161, 163, 166, 167, 168, 169, 170, 171, 172, 173, 176, 177, 179, 190, 191, 192, 193, 194, 196, 197, 200, 201, 207, 210, 211, 217, 218, 219, 222, 223, 230, 231, 234, 235, 245, 246, 249], "excluded_lines": [], "functions": {"enforce_conversation_rate_limit": {"executed_lines": [], "summary": {"covered_lines": 0, "num_statements": 5, "percent_covered": 0.0, "percent_covered_display": "0", "missing_lines": 5, "excluded_lines": 0}, "missing_lines": [60, 61, 62, 63, 64], "excluded_lines": []}, "get_hook_counters": {"executed_lines": [], "summary": {"covered_lines": 0, "num_statements": 1, "percent_covered": 0.0, "percent_covered_display": "0", "missing_lines": 1, "excluded_lines": 0}, "missing_lines": [75], "excluded_lines": []}, "hook_generic": {"executed_lines": [], "summary": {"covered_lines": 0, "num_statements": 60, "percent_covered": 0.0, "percent_covered_display": "0", "missing_lines": 60, "excluded_lines": 0}, "missing_lines": [101, 103, 104, 105, 109, 113, 114, 115, 116, 117, 120, 121, 122, 123, 124, 125, 127, 128, 129, 130, 131, 132, 133, 134, 135, 136, 137, 140, 145, 146, 147, 148, 149, 150, 153, 155, 156, 157, 159, 160, 161, 163, 166, 167, 168, 169, 170, 171, 172, 173, 176, 177, 179, 190, 191, 192, 193, 194, 196, 197], "excluded_lines": []}, "recent_call_ids": {"executed_lines": [], "summary": {"covered_lines": 0, "num_statements": 1, "percent_covered": 0.0, "percent_covered_display": "0", "missing_lines": 1, "excluded_lines": 0}, "missing_lines": [207], "excluded_lines": []}, "conversation_snapshot": {"executed_lines": [], "summary": {"covered_lines": 0, "num_statements": 3, "percent_covered": 0.0, "percent_covered_display": "0", "missing_lines": 3, "excluded_lines": 0}, "missing_lines": [217, 218, 219], "excluded_lines": []}, "conversation_stream": {"executed_lines": [], "summary": {"covered_lines": 0, "num_statements": 2, "percent_covered": 0.0, "percent_covered_display": "0", "missing_lines": 2, "excluded_lines": 0}, "missing_lines": [230, 231], "excluded_lines": []}, "global_activity_stream": {"executed_lines": [], "summary": {"covered_lines": 0, "num_statements": 2, "percent_covered": 0.0, "percent_covered_display": "0", "missing_lines": 2, "excluded_lines": 0}, "missing_lines": [245, 246], "excluded_lines": []}, "": {"executed_lines": [], "summary": {"covered_lines": 0, "num_statements": 38, "percent_covered": 0.0, "percent_covered_display": "0", "missing_lines": 38, "excluded_lines": 0}, "missing_lines": [3, 5, 6, 7, 8, 9, 10, 11, 13, 14, 16, 17, 28, 29, 30, 31, 32, 33, 35, 46, 47, 48, 50, 52, 55, 70, 71, 78, 79, 200, 201, 210, 211, 222, 223, 234, 235, 249], "excluded_lines": []}}, "classes": {"": {"executed_lines": [], "summary": {"covered_lines": 0, "num_statements": 112, "percent_covered": 0.0, "percent_covered_display": "0", "missing_lines": 112, "excluded_lines": 0}, "missing_lines": [3, 5, 6, 7, 8, 9, 10, 11, 13, 14, 16, 17, 28, 29, 30, 31, 32, 33, 35, 46, 47, 48, 50, 52, 55, 60, 61, 62, 63, 64, 70, 71, 75, 78, 79, 101, 103, 104, 105, 109, 113, 114, 115, 116, 117, 120, 121, 122, 123, 124, 125, 127, 128, 129, 130, 131, 132, 133, 134, 135, 136, 137, 140, 145, 146, 147, 148, 149, 150, 153, 155, 156, 157, 159, 160, 161, 163, 166, 167, 168, 169, 170, 171, 172, 173, 176, 177, 179, 190, 191, 192, 193, 194, 196, 197, 200, 201, 207, 210, 211, 217, 218, 219, 222, 223, 230, 231, 234, 235, 245, 246, 249], "excluded_lines": []}}}, "src/luthien_proxy/control_plane/judge/__init__.py": {"executed_lines": [], "summary": {"covered_lines": 0, "num_statements": 2, "percent_covered": 0.0, "percent_covered_display": "0", "missing_lines": 2, "excluded_lines": 0}, "missing_lines": [3, 5], "excluded_lines": [], "functions": {"": {"executed_lines": [], "summary": {"covered_lines": 0, "num_statements": 2, "percent_covered": 0.0, "percent_covered_display": "0", "missing_lines": 2, "excluded_lines": 0}, "missing_lines": [3, 5], "excluded_lines": []}}, "classes": {"": {"executed_lines": [], "summary": {"covered_lines": 0, "num_statements": 2, "percent_covered": 0.0, "percent_covered_display": "0", "missing_lines": 2, "excluded_lines": 0}, "missing_lines": [3, 5], "excluded_lines": []}}}, "src/luthien_proxy/control_plane/judge/db.py": {"executed_lines": [], "summary": {"covered_lines": 0, "num_statements": 50, "percent_covered": 0.0, "percent_covered_display": "0", "missing_lines": 50, "excluded_lines": 0}, "missing_lines": [3, 5, 6, 7, 8, 10, 11, 13, 15, 18, 19, 20, 21, 22, 23, 24, 25, 26, 27, 28, 31, 33, 34, 35, 37, 38, 39, 40, 41, 44, 46, 47, 48, 50, 51, 52, 54, 55, 56, 58, 59, 60, 63, 64, 65, 67, 68, 70, 76, 101], "excluded_lines": [], "functions": {"_extract_timestamp": {"executed_lines": [], "summary": {"covered_lines": 0, "num_statements": 10, "percent_covered": 0.0, "percent_covered_display": "0", "missing_lines": 10, "excluded_lines": 0}, "missing_lines": [19, 20, 21, 22, 23, 24, 25, 26, 27, 28], "excluded_lines": []}, "record_judge_decision": {"executed_lines": [], "summary": {"covered_lines": 0, "num_statements": 28, "percent_covered": 0.0, "percent_covered_display": "0", "missing_lines": 28, "excluded_lines": 0}, "missing_lines": [33, 34, 35, 37, 38, 39, 40, 41, 44, 46, 47, 48, 50, 51, 52, 54, 55, 56, 58, 59, 60, 63, 64, 65, 67, 68, 70, 76], "excluded_lines": []}, "": {"executed_lines": [], "summary": {"covered_lines": 0, "num_statements": 12, "percent_covered": 0.0, "percent_covered_display": "0", "missing_lines": 12, "excluded_lines": 0}, "missing_lines": [3, 5, 6, 7, 8, 10, 11, 13, 15, 18, 31, 101], "excluded_lines": []}}, "classes": {"": {"executed_lines": [], "summary": {"covered_lines": 0, "num_statements": 50, "percent_covered": 0.0, "percent_covered_display": "0", "missing_lines": 50, "excluded_lines": 0}, "missing_lines": [3, 5, 6, 7, 8, 10, 11, 13, 15, 18, 19, 20, 21, 22, 23, 24, 25, 26, 27, 28, 31, 33, 34, 35, 37, 38, 39, 40, 41, 44, 46, 47, 48, 50, 51, 52, 54, 55, 56, 58, 59, 60, 63, 64, 65, 67, 68, 70, 76, 101], "excluded_lines": []}}}, "src/luthien_proxy/control_plane/policy_loader.py": {"executed_lines": [], "summary": {"covered_lines": 0, "num_statements": 60, "percent_covered": 0.0, "percent_covered_display": "0", "missing_lines": 60, "excluded_lines": 0}, "missing_lines": [3, 5, 6, 7, 9, 11, 12, 13, 14, 16, 19, 24, 25, 26, 28, 29, 30, 31, 32, 33, 34, 37, 38, 39, 40, 42, 43, 45, 46, 47, 48, 50, 51, 52, 53, 54, 55, 56, 57, 58, 59, 60, 62, 63, 64, 65, 66, 68, 69, 70, 71, 73, 74, 75, 76, 77, 81, 83, 84, 87], "excluded_lines": [], "functions": {"load_policy_from_config": {"executed_lines": [], "summary": {"covered_lines": 0, "num_statements": 18, "percent_covered": 0.0, "percent_covered_display": "0", "missing_lines": 18, "excluded_lines": 0}, "missing_lines": [24, 25, 26, 28, 50, 62, 68, 69, 70, 71, 73, 74, 75, 76, 77, 81, 83, 84], "excluded_lines": []}, "load_policy_from_config._read": {"executed_lines": [], "summary": {"covered_lines": 0, "num_statements": 16, "percent_covered": 0.0, "percent_covered_display": "0", "missing_lines": 16, "excluded_lines": 0}, "missing_lines": [29, 30, 31, 32, 33, 34, 37, 38, 39, 40, 42, 43, 45, 46, 47, 48], "excluded_lines": []}, "load_policy_from_config._import": {"executed_lines": [], "summary": {"covered_lines": 0, "num_statements": 10, "percent_covered": 0.0, "percent_covered_display": "0", "missing_lines": 10, "excluded_lines": 0}, "missing_lines": [51, 52, 53, 54, 55, 56, 57, 58, 59, 60], "excluded_lines": []}, "load_policy_from_config._instantiate": {"executed_lines": [], "summary": {"covered_lines": 0, "num_statements": 4, "percent_covered": 0.0, "percent_covered_display": "0", "missing_lines": 4, "excluded_lines": 0}, "missing_lines": [63, 64, 65, 66], "excluded_lines": []}, "": {"executed_lines": [], "summary": {"covered_lines": 0, "num_statements": 12, "percent_covered": 0.0, "percent_covered_display": "0", "missing_lines": 12, "excluded_lines": 0}, "missing_lines": [3, 5, 6, 7, 9, 11, 12, 13, 14, 16, 19, 87], "excluded_lines": []}}, "classes": {"": {"executed_lines": [], "summary": {"covered_lines": 0, "num_statements": 60, "percent_covered": 0.0, "percent_covered_display": "0", "missing_lines": 60, "excluded_lines": 0}, "missing_lines": [3, 5, 6, 7, 9, 11, 12, 13, 14, 16, 19, 24, 25, 26, 28, 29, 30, 31, 32, 33, 34, 37, 38, 39, 40, 42, 43, 45, 46, 47, 48, 50, 51, 52, 53, 54, 55, 56, 57, 58, 59, 60, 62, 63, 64, 65, 66, 68, 69, 70, 71, 73, 74, 75, 76, 77, 81, 83, 84, 87], "excluded_lines": []}}}, "src/luthien_proxy/control_plane/stream_context.py": {"executed_lines": [], "summary": {"covered_lines": 0, "num_statements": 39, "percent_covered": 0.0, "percent_covered_display": "0", "missing_lines": 39, "excluded_lines": 0}, "missing_lines": [8, 10, 12, 14, 23, 26, 32, 34, 35, 36, 38, 39, 41, 42, 44, 46, 47, 48, 49, 51, 53, 54, 55, 56, 57, 58, 59, 61, 63, 64, 66, 67, 68, 69, 71, 73, 74, 75, 76], "excluded_lines": [], "functions": {"StreamContextStore.__init__": {"executed_lines": [], "summary": {"covered_lines": 0, "num_statements": 4, "percent_covered": 0.0, "percent_covered_display": "0", "missing_lines": 4, "excluded_lines": 0}, "missing_lines": [32, 34, 35, 36], "excluded_lines": []}, "StreamContextStore._text_key": {"executed_lines": [], "summary": {"covered_lines": 0, "num_statements": 1, "percent_covered": 0.0, "percent_covered_display": "0", "missing_lines": 1, "excluded_lines": 0}, "missing_lines": [39], "excluded_lines": []}, "StreamContextStore._idx_key": {"executed_lines": [], "summary": {"covered_lines": 0, "num_statements": 1, "percent_covered": 0.0, "percent_covered_display": "0", "missing_lines": 1, "excluded_lines": 0}, "missing_lines": [42], "excluded_lines": []}, "StreamContextStore.get_accumulated": {"executed_lines": [], "summary": {"covered_lines": 0, "num_statements": 4, "percent_covered": 0.0, "percent_covered_display": "0", "missing_lines": 4, "excluded_lines": 0}, "missing_lines": [46, 47, 48, 49], "excluded_lines": []}, "StreamContextStore.get_index": {"executed_lines": [], "summary": {"covered_lines": 0, "num_statements": 7, "percent_covered": 0.0, "percent_covered_display": "0", "missing_lines": 7, "excluded_lines": 0}, "missing_lines": [53, 54, 55, 56, 57, 58, 59], "excluded_lines": []}, "StreamContextStore.append_delta": {"executed_lines": [], "summary": {"covered_lines": 0, "num_statements": 6, "percent_covered": 0.0, "percent_covered_display": "0", "missing_lines": 6, "excluded_lines": 0}, "missing_lines": [63, 64, 66, 67, 68, 69], "excluded_lines": []}, "StreamContextStore.clear": {"executed_lines": [], "summary": {"covered_lines": 0, "num_statements": 4, "percent_covered": 0.0, "percent_covered_display": "0", "missing_lines": 4, "excluded_lines": 0}, "missing_lines": [73, 74, 75, 76], "excluded_lines": []}, "": {"executed_lines": [], "summary": {"covered_lines": 0, "num_statements": 12, "percent_covered": 0.0, "percent_covered_display": "0", "missing_lines": 12, "excluded_lines": 0}, "missing_lines": [8, 10, 12, 14, 23, 26, 38, 41, 44, 51, 61, 71], "excluded_lines": []}}, "classes": {"StreamContextStore": {"executed_lines": [], "summary": {"covered_lines": 0, "num_statements": 27, "percent_covered": 0.0, "percent_covered_display": "0", "missing_lines": 27, "excluded_lines": 0}, "missing_lines": [32, 34, 35, 36, 39, 42, 46, 47, 48, 49, 53, 54, 55, 56, 57, 58, 59, 63, 64, 66, 67, 68, 69, 73, 74, 75, 76], "excluded_lines": []}, "": {"executed_lines": [], "summary": {"covered_lines": 0, "num_statements": 12, "percent_covered": 0.0, "percent_covered_display": "0", "missing_lines": 12, "excluded_lines": 0}, "missing_lines": [8, 10, 12, 14, 23, 26, 38, 41, 44, 51, 61, 71], "excluded_lines": []}}}, "src/luthien_proxy/control_plane/streaming_routes.py": {"executed_lines": [], "summary": {"covered_lines": 0, "num_statements": 269, "percent_covered": 0.0, "percent_covered_display": "0", "missing_lines": 269, "excluded_lines": 10}, "missing_lines": [3, 5, 6, 7, 8, 9, 11, 12, 13, 15, 16, 17, 18, 19, 20, 21, 25, 27, 29, 31, 32, 33, 36, 40, 42, 43, 44, 45, 46, 47, 48, 50, 51, 53, 54, 55, 57, 58, 61, 63, 64, 65, 66, 67, 69, 70, 71, 72, 73, 74, 77, 83, 84, 86, 87, 88, 89, 90, 91, 92, 93, 94, 95, 97, 98, 99, 100, 101, 104, 106, 107, 108, 110, 111, 114, 120, 122, 123, 125, 126, 127, 128, 131, 139, 141, 142, 144, 145, 148, 154, 155, 156, 157, 158, 159, 160, 162, 163, 164, 166, 169, 171, 172, 177, 179, 180, 185, 186, 187, 188, 189, 190, 191, 192, 195, 196, 197, 198, 199, 200, 201, 202, 205, 206, 207, 208, 209, 212, 213, 214, 215, 216, 219, 220, 221, 222, 223, 226, 244, 246, 247, 248, 249, 250, 251, 252, 253, 254, 255, 256, 257, 261, 262, 263, 264, 265, 266, 267, 269, 270, 271, 272, 274, 278, 280, 281, 282, 283, 284, 285, 286, 287, 289, 290, 291, 292, 293, 295, 297, 298, 300, 305, 306, 308, 310, 324, 325, 326, 328, 329, 330, 332, 337, 338, 344, 345, 346, 347, 349, 350, 359, 360, 362, 364, 365, 366, 367, 368, 369, 370, 371, 372, 375, 376, 377, 379, 380, 381, 382, 383, 384, 385, 388, 389, 390, 392, 396, 401, 402, 408, 409, 410, 411, 419, 426, 427, 430, 439, 440, 442, 443, 446, 447, 464, 466, 467, 468, 470, 471, 472, 474, 476, 477, 479, 481, 486, 493, 494, 495, 497, 498, 499, 500, 501, 503, 504, 510, 511, 514], "excluded_lines": [173, 174, 181, 182, 386, 387, 505, 506, 507, 508], "functions": {"_interpret_stream_message": {"executed_lines": [], "summary": {"covered_lines": 0, "num_statements": 14, "percent_covered": 0.0, "percent_covered_display": "0", "missing_lines": 14, "excluded_lines": 0}, "missing_lines": [42, 43, 44, 45, 46, 47, 48, 50, 51, 53, 54, 55, 57, 58], "excluded_lines": []}, "_canonicalize_chunk": {"executed_lines": [], "summary": {"covered_lines": 0, "num_statements": 11, "percent_covered": 0.0, "percent_covered_display": "0", "missing_lines": 11, "excluded_lines": 0}, "missing_lines": [63, 64, 65, 66, 67, 69, 70, 71, 72, 73, 74], "excluded_lines": []}, "_incoming_stream_from_websocket": {"executed_lines": [], "summary": {"covered_lines": 0, "num_statements": 17, "percent_covered": 0.0, "percent_covered_display": "0", "missing_lines": 17, "excluded_lines": 0}, "missing_lines": [83, 84, 86, 87, 88, 89, 90, 91, 92, 93, 94, 95, 97, 98, 99, 100, 101], "excluded_lines": []}, "_ensure_start_message": {"executed_lines": [], "summary": {"covered_lines": 0, "num_statements": 5, "percent_covered": 0.0, "percent_covered_display": "0", "missing_lines": 5, "excluded_lines": 0}, "missing_lines": [106, 107, 108, 110, 111], "excluded_lines": []}, "_instrumented_incoming_stream": {"executed_lines": [], "summary": {"covered_lines": 0, "num_statements": 7, "percent_covered": 0.0, "percent_covered_display": "0", "missing_lines": 7, "excluded_lines": 0}, "missing_lines": [120, 122, 123, 125, 126, 127, 128], "excluded_lines": []}, "_forward_policy_output": {"executed_lines": [], "summary": {"covered_lines": 0, "num_statements": 17, "percent_covered": 0.0, "percent_covered_display": "0", "missing_lines": 17, "excluded_lines": 0}, "missing_lines": [139, 141, 142, 144, 145, 148, 154, 155, 156, 157, 158, 159, 160, 162, 163, 164, 166], "excluded_lines": []}, "_safe_send_json": {"executed_lines": [], "summary": {"covered_lines": 0, "num_statements": 2, "percent_covered": 0.0, "percent_covered_display": "0", "missing_lines": 2, "excluded_lines": 2}, "missing_lines": [171, 172], "excluded_lines": [173, 174]}, "_safe_close": {"executed_lines": [], "summary": {"covered_lines": 0, "num_statements": 2, "percent_covered": 0.0, "percent_covered_display": "0", "missing_lines": 2, "excluded_lines": 2}, "missing_lines": [179, 180], "excluded_lines": [181, 182]}, "_policy_from_websocket": {"executed_lines": [], "summary": {"covered_lines": 0, "num_statements": 7, "percent_covered": 0.0, "percent_covered_display": "0", "missing_lines": 7, "excluded_lines": 0}, "missing_lines": [186, 187, 188, 189, 190, 191, 192], "excluded_lines": []}, "_redis_from_websocket": {"executed_lines": [], "summary": {"covered_lines": 0, "num_statements": 7, "percent_covered": 0.0, "percent_covered_display": "0", "missing_lines": 7, "excluded_lines": 0}, "missing_lines": [196, 197, 198, 199, 200, 201, 202], "excluded_lines": []}, "_hook_counters_from_websocket": {"executed_lines": [], "summary": {"covered_lines": 0, "num_statements": 4, "percent_covered": 0.0, "percent_covered_display": "0", "missing_lines": 4, "excluded_lines": 0}, "missing_lines": [206, 207, 208, 209], "excluded_lines": []}, "_debug_writer_from_websocket": {"executed_lines": [], "summary": {"covered_lines": 0, "num_statements": 4, "percent_covered": 0.0, "percent_covered_display": "0", "missing_lines": 4, "excluded_lines": 0}, "missing_lines": [213, 214, 215, 216], "excluded_lines": []}, "_stream_store_from_websocket": {"executed_lines": [], "summary": {"covered_lines": 0, "num_statements": 4, "percent_covered": 0.0, "percent_covered_display": "0", "missing_lines": 4, "excluded_lines": 0}, "missing_lines": [220, 221, 222, 223], "excluded_lines": []}, "_StreamEventPublisher.__init__": {"executed_lines": [], "summary": {"covered_lines": 0, "num_statements": 18, "percent_covered": 0.0, "percent_covered_display": "0", "missing_lines": 18, "excluded_lines": 0}, "missing_lines": [247, 248, 249, 250, 251, 252, 253, 254, 255, 256, 257, 261, 262, 263, 264, 265, 266, 267], "excluded_lines": []}, "_StreamEventPublisher.record_original": {"executed_lines": [], "summary": {"covered_lines": 0, "num_statements": 18, "percent_covered": 0.0, "percent_covered_display": "0", "missing_lines": 18, "excluded_lines": 0}, "missing_lines": [270, 271, 272, 274, 278, 280, 281, 282, 283, 284, 285, 286, 287, 289, 290, 291, 292, 293], "excluded_lines": []}, "_StreamEventPublisher._maybe_publish_progress": {"executed_lines": [], "summary": {"covered_lines": 0, "num_statements": 10, "percent_covered": 0.0, "percent_covered_display": "0", "missing_lines": 10, "excluded_lines": 0}, "missing_lines": [297, 298, 300, 305, 306, 308, 310, 324, 325, 326], "excluded_lines": []}, "_StreamEventPublisher.record_result": {"executed_lines": [], "summary": {"covered_lines": 0, "num_statements": 26, "percent_covered": 0.0, "percent_covered_display": "0", "missing_lines": 26, "excluded_lines": 0}, "missing_lines": [329, 330, 332, 337, 338, 344, 345, 346, 347, 349, 350, 359, 360, 362, 364, 365, 366, 367, 368, 369, 370, 371, 372, 375, 376, 377], "excluded_lines": []}, "_StreamEventPublisher.finish": {"executed_lines": [], "summary": {"covered_lines": 0, "num_statements": 25, "percent_covered": 0.0, "percent_covered_display": "0", "missing_lines": 25, "excluded_lines": 2}, "missing_lines": [380, 381, 382, 383, 384, 385, 388, 389, 390, 392, 396, 401, 402, 408, 409, 410, 411, 419, 426, 427, 430, 439, 440, 442, 443], "excluded_lines": [386, 387]}, "policy_stream_endpoint": {"executed_lines": [], "summary": {"covered_lines": 0, "num_statements": 25, "percent_covered": 0.0, "percent_covered_display": "0", "missing_lines": 25, "excluded_lines": 4}, "missing_lines": [464, 466, 467, 468, 470, 471, 472, 474, 476, 477, 479, 481, 486, 493, 494, 495, 497, 498, 499, 500, 501, 503, 504, 510, 511], "excluded_lines": [505, 506, 507, 508]}, "": {"executed_lines": [], "summary": {"covered_lines": 0, "num_statements": 46, "percent_covered": 0.0, "percent_covered_display": "0", "missing_lines": 46, "excluded_lines": 0}, "missing_lines": [3, 5, 6, 7, 8, 9, 11, 12, 13, 15, 16, 17, 18, 19, 20, 21, 25, 27, 29, 31, 32, 33, 36, 40, 61, 77, 104, 114, 131, 169, 177, 185, 195, 205, 212, 219, 226, 244, 246, 269, 295, 328, 379, 446, 447, 514], "excluded_lines": []}}, "classes": {"StreamProtocolError": {"executed_lines": [], "summary": {"covered_lines": 0, "num_statements": 0, "percent_covered": 100.0, "percent_covered_display": "100", "missing_lines": 0, "excluded_lines": 0}, "missing_lines": [], "excluded_lines": []}, "_StreamEventPublisher": {"executed_lines": [], "summary": {"covered_lines": 0, "num_statements": 97, "percent_covered": 0.0, "percent_covered_display": "0", "missing_lines": 97, "excluded_lines": 2}, "missing_lines": [247, 248, 249, 250, 251, 252, 253, 254, 255, 256, 257, 261, 262, 263, 264, 265, 266, 267, 270, 271, 272, 274, 278, 280, 281, 282, 283, 284, 285, 286, 287, 289, 290, 291, 292, 293, 297, 298, 300, 305, 306, 308, 310, 324, 325, 326, 329, 330, 332, 337, 338, 344, 345, 346, 347, 349, 350, 359, 360, 362, 364, 365, 366, 367, 368, 369, 370, 371, 372, 375, 376, 377, 380, 381, 382, 383, 384, 385, 388, 389, 390, 392, 396, 401, 402, 408, 409, 410, 411, 419, 426, 427, 430, 439, 440, 442, 443], "excluded_lines": [386, 387]}, "": {"executed_lines": [], "summary": {"covered_lines": 0, "num_statements": 172, "percent_covered": 0.0, "percent_covered_display": "0", "missing_lines": 172, "excluded_lines": 8}, "missing_lines": [3, 5, 6, 7, 8, 9, 11, 12, 13, 15, 16, 17, 18, 19, 20, 21, 25, 27, 29, 31, 32, 33, 36, 40, 42, 43, 44, 45, 46, 47, 48, 50, 51, 53, 54, 55, 57, 58, 61, 63, 64, 65, 66, 67, 69, 70, 71, 72, 73, 74, 77, 83, 84, 86, 87, 88, 89, 90, 91, 92, 93, 94, 95, 97, 98, 99, 100, 101, 104, 106, 107, 108, 110, 111, 114, 120, 122, 123, 125, 126, 127, 128, 131, 139, 141, 142, 144, 145, 148, 154, 155, 156, 157, 158, 159, 160, 162, 163, 164, 166, 169, 171, 172, 177, 179, 180, 185, 186, 187, 188, 189, 190, 191, 192, 195, 196, 197, 198, 199, 200, 201, 202, 205, 206, 207, 208, 209, 212, 213, 214, 215, 216, 219, 220, 221, 222, 223, 226, 244, 246, 269, 295, 328, 379, 446, 447, 464, 466, 467, 468, 470, 471, 472, 474, 476, 477, 479, 481, 486, 493, 494, 495, 497, 498, 499, 500, 501, 503, 504, 510, 511, 514], "excluded_lines": [173, 174, 181, 182, 505, 506, 507, 508]}}}, "src/luthien_proxy/control_plane/u
[...]
nt_covered_display": "100", "missing_lines": 0, "excluded_lines": 0}, "missing_lines": [], "excluded_lines": [], "functions": {"NoOpPolicy.process_request": {"executed_lines": [30], "summary": {"covered_lines": 1, "num_statements": 1, "percent_covered": 100.0, "percent_covered_display": "100", "missing_lines": 0, "excluded_lines": 0}, "missing_lines": [], "excluded_lines": []}, "NoOpPolicy.process_full_response": {"executed_lines": [34], "summary": {"covered_lines": 1, "num_statements": 1, "percent_covered": 100.0, "percent_covered_display": "100", "missing_lines": 0, "excluded_lines": 0}, "missing_lines": [], "excluded_lines": []}, "NoOpPolicy.process_streaming_response": {"executed_lines": [44, 45, 47, 48, 49, 52, 53, 56], "summary": {"covered_lines": 8, "num_statements": 8, "percent_covered": 100.0, "percent_covered_display": "100", "missing_lines": 0, "excluded_lines": 0}, "missing_lines": [], "excluded_lines": []}, "": {"executed_lines": [4, 6, 8, 9, 11, 13, 14, 15, 16, 19, 20, 28, 32, 36, 59], "summary": {"covered_lines": 13, "num_statements": 13, "percent_covered": 100.0, "percent_covered_display": "100", "missing_lines": 0, "excluded_lines": 0}, "missing_lines": [], "excluded_lines": []}}, "classes": {"NoOpPolicy": {"executed_lines": [30, 34, 44, 45, 47, 48, 49, 52, 53, 56], "summary": {"covered_lines": 10, "num_statements": 10, "percent_covered": 100.0, "percent_covered_display": "100", "missing_lines": 0, "excluded_lines": 0}, "missing_lines": [], "excluded_lines": []}, "": {"executed_lines": [4, 6, 8, 9, 11, 13, 14, 15, 16, 19, 20, 28, 32, 36, 59], "summary": {"covered_lines": 13, "num_statements": 13, "percent_covered": 100.0, "percent_covered_display": "100", "missing_lines": 0, "excluded_lines": 0}, "missing_lines": [], "excluded_lines": []}}}, "src/luthien_proxy/v2/policies/uppercase_nth_word.py": {"executed_lines": [4, 15, 17, 18, 19, 21, 23, 24, 25, 26, 28, 31, 32, 38, 44, 45, 46, 47, 49, 58, 59, 61, 62, 63, 65, 67, 80, 81, 82, 85, 86, 87, 91, 92, 93, 94, 96, 98, 100, 105, 107, 119, 121, 122, 123, 125, 127, 128, 131, 145, 146, 147, 149, 151, 166, 167, 168, 170, 171, 177, 179, 180, 182, 184, 185, 186, 187, 188, 191, 192, 195, 196, 198, 199, 202, 205, 206, 208, 209, 210, 213, 214, 217, 218, 221, 222, 223, 225, 238, 240, 249, 251, 253, 254, 255, 257, 258, 261, 262, 263, 268, 278, 281, 288, 289, 291, 300, 301, 302, 304, 305, 306, 309], "summary": {"covered_lines": 111, "num_statements": 116, "percent_covered": 95.6896551724138, "percent_covered_display": "96", "missing_lines": 5, "excluded_lines": 0}, "missing_lines": [88, 259, 264, 265, 266], "excluded_lines": [], "functions": {"UppercaseNthWordPolicy.__init__": {"executed_lines": [44, 45, 46, 47], "summary": {"covered_lines": 4, "num_statements": 4, "percent_covered": 100.0, "percent_covered_display": "100", "missing_lines": 0, "excluded_lines": 0}, "missing_lines": [], "excluded_lines": []}, "UppercaseNthWordPolicy._uppercase_nth_word": {"executed_lines": [58, 59, 61, 62, 63, 65], "summary": {"covered_lines": 6, "num_statements": 6, "percent_covered": 100.0, "percent_covered_display": "100", "missing_lines": 0, "excluded_lines": 0}, "missing_lines": [], "excluded_lines": []}, "UppercaseNthWordPolicy._transform_response_content": {"executed_lines": [80, 81, 82, 85, 86, 87, 91, 92, 93, 94, 96], "summary": {"covered_lines": 11, "num_statements": 12, "percent_covered": 91.66666666666667, "percent_covered_display": "92", "missing_lines": 1, "excluded_lines": 0}, "missing_lines": [88], "excluded_lines": []}, "UppercaseNthWordPolicy.process_request": {"executed_lines": [100, 105], "summary": {"covered_lines": 2, "num_statements": 2, "percent_covered": 100.0, "percent_covered_display": "100", "missing_lines": 0, "excluded_lines": 0}, "missing_lines": [], "excluded_lines": []}, "UppercaseNthWordPolicy.process_full_response": {"executed_lines": [119, 121, 122, 123, 125, 127, 128, 131, 145, 146, 147, 149], "summary": {"covered_lines": 12, "num_statements": 12, "percent_covered": 100.0, "percent_covered_display": "100", "missing_lines": 0, "excluded_lines": 0}, "missing_lines": [], "excluded_lines": []}, "UppercaseNthWordPolicy.process_streaming_response": {"executed_lines": [166, 167, 168, 170, 171, 177, 179, 180, 182, 184, 185, 186, 187, 188, 191, 192, 195, 196, 198, 199, 202, 205, 206, 208, 209, 210, 213, 214, 217, 218, 221, 222, 223, 225, 238], "summary": {"covered_lines": 35, "num_statements": 35, "percent_covered": 100.0, "percent_covered_display": "100", "missing_lines": 0, "excluded_lines": 0}, "missing_lines": [], "excluded_lines": []}, "UppercaseNthWordPolicy._extract_chunk_text": {"executed_lines": [249, 251, 253, 254, 255, 257, 258, 261, 262, 263], "summary": {"covered_lines": 10, "num_statements": 14, "percent_covered": 71.42857142857143, "percent_covered_display": "71", "missing_lines": 4, "excluded_lines": 0}, "missing_lines": [259, 264, 265, 266], "excluded_lines": []}, "UppercaseNthWordPolicy._create_text_chunk": {"executed_lines": [278, 281, 288, 289], "summary": {"covered_lines": 4, "num_statements": 4, "percent_covered": 100.0, "percent_covered_display": "100", "missing_lines": 0, "excluded_lines": 0}, "missing_lines": [], "excluded_lines": []}, "UppercaseNthWordPolicy._get_content_preview": {"executed_lines": [300, 301, 302, 304, 305, 306], "summary": {"covered_lines": 6, "num_statements": 6, "percent_covered": 100.0, "percent_covered_display": "100", "missing_lines": 0, "excluded_lines": 0}, "missing_lines": [], "excluded_lines": []}, "": {"executed_lines": [4, 15, 17, 18, 19, 21, 23, 24, 25, 26, 28, 31, 32, 38, 49, 67, 98, 107, 151, 240, 268, 291, 309], "summary": {"covered_lines": 21, "num_statements": 21, "percent_covered": 100.0, "percent_covered_display": "100", "missing_lines": 0, "excluded_lines": 0}, "missing_lines": [], "excluded_lines": []}}, "classes": {"UppercaseNthWordPolicy": {"executed_lines": [44, 45, 46, 47, 58, 59, 61, 62, 63, 65, 80, 81, 82, 85, 86, 87, 91, 92, 93, 94, 96, 100, 105, 119, 121, 122, 123, 125, 127, 128, 131, 145, 146, 147, 149, 166, 167, 168, 170, 171, 177, 179, 180, 182, 184, 185, 186, 187, 188, 191, 192, 195, 196, 198, 199, 202, 205, 206, 208, 209, 210, 213, 214, 217, 218, 221, 222, 223, 225, 238, 249, 251, 253, 254, 255, 257, 258, 261, 262, 263, 278, 281, 288, 289, 300, 301, 302, 304, 305, 306], "summary": {"covered_lines": 90, "num_statements": 95, "percent_covered": 94.73684210526316, "percent_covered_display": "95", "missing_lines": 5, "excluded_lines": 0}, "missing_lines": [88, 259, 264, 265, 266], "excluded_lines": []}, "": {"executed_lines": [4, 15, 17, 18, 19, 21, 23, 24, 25, 26, 28, 31, 32, 38, 49, 67, 98, 107, 151, 240, 268, 291, 309], "summary": {"covered_lines": 21, "num_statements": 21, "percent_covered": 100.0, "percent_covered_display": "100", "missing_lines": 0, "excluded_lines": 0}, "missing_lines": [], "excluded_lines": []}}}, "src/luthien_proxy/v2/routes.py": {"executed_lines": [], "summary": {"covered_lines": 0, "num_statements": 124, "percent_covered": 0.0, "percent_covered_display": "0", "missing_lines": 124, "excluded_lines": 3}, "missing_lines": [6, 8, 9, 10, 11, 12, 14, 15, 16, 17, 18, 19, 21, 26, 32, 33, 35, 39, 41, 42, 43, 46, 57, 59, 62, 65, 67, 68, 71, 72, 73, 74, 76, 78, 79, 80, 81, 84, 86, 92, 93, 98, 99, 101, 104, 105, 108, 110, 111, 112, 113, 114, 115, 118, 119, 130, 133, 136, 137, 140, 141, 151, 152, 153, 154, 156, 157, 158, 163, 165, 168, 169, 170, 173, 174, 184, 187, 188, 191, 192, 201, 202, 203, 204, 205, 206, 209, 210, 215, 216, 218, 219, 222, 225, 227, 228, 229, 230, 233, 234, 245, 248, 251, 252, 255, 256, 257, 258, 260, 261, 262, 269, 271, 274, 277, 279, 280, 281, 282, 283, 284, 287, 288, 290], "excluded_lines": [28, 29, 30], "functions": {"stream_llm_chunks": {"executed_lines": [], "summary": {"covered_lines": 0, "num_statements": 3, "percent_covered": 0.0, "percent_covered_display": "0", "missing_lines": 3, "excluded_lines": 0}, "missing_lines": [41, 42, 43], "excluded_lines": []}, "stream_with_policy_control": {"executed_lines": [], "summary": {"covered_lines": 0, "num_statements": 15, "percent_covered": 0.0, "percent_covered_display": "0", "missing_lines": 15, "excluded_lines": 0}, "missing_lines": [57, 59, 62, 65, 67, 68, 71, 72, 73, 74, 76, 78, 79, 80, 81], "excluded_lines": []}, "hash_api_key": {"executed_lines": [], "summary": {"covered_lines": 0, "num_statements": 1, "percent_covered": 0.0, "percent_covered_display": "0", "missing_lines": 1, "excluded_lines": 0}, "missing_lines": [86], "excluded_lines": []}, "openai_chat_completions": {"executed_lines": [], "summary": {"covered_lines": 0, "num_statements": 45, "percent_covered": 0.0, "percent_covered_display": "0", "missing_lines": 45, "excluded_lines": 0}, "missing_lines": [98, 99, 101, 104, 105, 108, 110, 111, 112, 113, 114, 115, 118, 119, 130, 133, 136, 137, 140, 141, 151, 152, 153, 154, 156, 157, 158, 163, 165, 168, 169, 170, 173, 174, 184, 187, 188, 191, 192, 201, 202, 203, 204, 205, 206], "excluded_lines": []}, "anthropic_messages": {"executed_lines": [], "summary": {"covered_lines": 0, "num_statements": 33, "percent_covered": 0.0, "percent_covered_display": "0", "missing_lines": 33, "excluded_lines": 0}, "missing_lines": [215, 216, 218, 219, 222, 225, 227, 228, 229, 230, 233, 234, 245, 248, 251, 252, 255, 256, 257, 258, 260, 261, 262, 269, 271, 274, 277, 279, 280, 281, 282, 283, 284], "excluded_lines": []}, "health_check": {"executed_lines": [], "summary": {"covered_lines": 0, "num_statements": 1, "percent_covered": 0.0, "percent_covered_display": "0", "missing_lines": 1, "excluded_lines": 0}, "missing_lines": [290], "excluded_lines": []}, "": {"executed_lines": [], "summary": {"covered_lines": 0, "num_statements": 26, "percent_covered": 0.0, "percent_covered_display": "0", "missing_lines": 26, "excluded_lines": 3}, "missing_lines": [6, 8, 9, 10, 11, 12, 14, 15, 16, 17, 18, 19, 21, 26, 32, 33, 35, 39, 46, 84, 92, 93, 209, 210, 287, 288], "excluded_lines": [28, 29, 30]}}, "classes": {"": {"executed_lines": [], "summary": {"covered_lines": 0, "num_statements": 124, "percent_covered": 0.0, "percent_covered_display": "0", "missing_lines": 124, "excluded_lines": 3}, "missing_lines": [6, 8, 9, 10, 11, 12, 14, 15, 16, 17, 18, 19, 21, 26, 32, 33, 35, 39, 41, 42, 43, 46, 57, 59, 62, 65, 67, 68, 71, 72, 73, 74, 76, 78, 79, 80, 81, 84, 86, 92, 93, 98, 99, 101, 104, 105, 108, 110, 111, 112, 113, 114, 115, 118, 119, 130, 133, 136, 137, 140, 141, 151, 152, 153, 154, 156, 157, 158, 163, 165, 168, 169, 170, 173, 174, 184, 187, 188, 191, 192, 201, 202, 203, 204, 205, 206, 209, 210, 215, 216, 218, 219, 222, 225, 227, 228, 229, 230, 233, 234, 245, 248, 251, 252, 255, 256, 257, 258, 260, 261, 262, 269, 271, 274, 277, 279, 280, 281, 282, 283, 284, 287, 288, 290], "excluded_lines": [28, 29, 30]}}}, "src/luthien_proxy/v2/storage/__init__.py": {"executed_lines": [4, 11, 13], "summary": {"covered_lines": 2, "num_statements": 2, "percent_covered": 100.0, "percent_covered_display": "100", "missing_lines": 0, "excluded_lines": 0}, "missing_lines": [], "excluded_lines": [], "functions": {"": {"executed_lines": [4, 11, 13], "summary": {"covered_lines": 2, "num_statements": 2, "percent_covered": 100.0, "percent_covered_display": "100", "missing_lines": 0, "excluded_lines": 0}, "missing_lines": [], "excluded_lines": []}}, "classes": {"": {"executed_lines": [4, 11, 13], "summary": {"covered_lines": 2, "num_statements": 2, "percent_covered": 100.0, "percent_covered_display": "100", "missing_lines": 0, "excluded_lines": 0}, "missing_lines": [], "excluded_lines": []}}}, "src/luthien_proxy/v2/storage/events.py": {"executed_lines": [4, 13, 15, 16, 17, 18, 20, 25, 27, 30, 33, 57, 58, 59, 61, 62, 63, 92, 116, 117, 118, 120, 121, 122, 126, 136, 137, 138, 151, 169, 171, 185, 186, 187, 188, 190, 192, 195, 196, 197, 198, 201, 202, 203, 204, 205, 206, 209, 210, 213, 230], "summary": {"covered_lines": 49, "num_statements": 63, "percent_covered": 77.77777777777777, "percent_covered_display": "78", "missing_lines": 14, "excluded_lines": 2}, "missing_lines": [67, 77, 78, 79, 82, 85, 86, 87, 89, 141, 144, 145, 146, 148], "excluded_lines": [27, 28], "functions": {"emit_request_event": {"executed_lines": [57, 58, 59, 61, 62, 63], "summary": {"covered_lines": 6, "num_statements": 15, "percent_covered": 40.0, "percent_covered_display": "40", "missing_lines": 9, "excluded_lines": 0}, "missing_lines": [67, 77, 78, 79, 82, 85, 86, 87, 89], "excluded_lines": []}, "emit_response_event": {"executed_lines": [116, 117, 118, 120, 121, 122, 126, 136, 137, 138], "summary": {"covered_lines": 10, "num_statements": 15, "percent_covered": 66.66666666666667, "percent_covered_display": "67", "missing_lines": 5, "excluded_lines": 0}, "missing_lines": [141, 144, 145, 146, 148], "excluded_lines": []}, "reconstruct_full_response_from_chunks": {"executed_lines": [169, 171, 185, 186, 187, 188, 190, 192, 195, 196, 197, 198, 201, 202, 203, 204, 205, 206, 209, 210, 213], "summary": {"covered_lines": 21, "num_statements": 21, "percent_covered": 100.0, "percent_covered_display": "100", "missing_lines": 0, "excluded_lines": 0}, "missing_lines": [], "excluded_lines": []}, "": {"executed_lines": [4, 13, 15, 16, 17, 18, 20, 25, 27, 30, 33, 92, 151, 230], "summary": {"covered_lines": 12, "num_statements": 12, "percent_covered": 100.0, "percent_covered_display": "100", "missing_lines": 0, "excluded_lines": 2}, "missing_lines": [], "excluded_lines": [27, 28]}}, "classes": {"": {"executed_lines": [4, 13, 15, 16, 17, 18, 20, 25, 27, 30, 33, 57, 58, 59, 61, 62, 63, 92, 116, 117, 118, 120, 121, 122, 126, 136, 137, 138, 151, 169, 171, 185, 186, 187, 188, 190, 192, 195, 196, 197, 198, 201, 202, 203, 204, 205, 206, 209, 210, 213, 230], "summary": {"covered_lines": 49, "num_statements": 63, "percent_covered": 77.77777777777777, "percent_covered_display": "78", "missing_lines": 14, "excluded_lines": 2}, "missing_lines": [67, 77, 78, 79, 82, 85, 86, 87, 89, 141, 144, 145, 146, 148], "excluded_lines": [27, 28]}}}, "src/luthien_proxy/v2/telemetry.py": {"executed_lines": [4, 13, 15, 16, 18, 19, 20, 21, 22, 23, 24, 26, 29, 30, 31, 32, 33, 36, 81, 100, 112, 154, 176, 179], "summary": {"covered_lines": 23, "num_statements": 64, "percent_covered": 35.9375, "percent_covered_display": "36", "missing_lines": 41, "excluded_lines": 0}, "missing_lines": [47, 48, 49, 52, 61, 64, 70, 71, 74, 76, 78, 93, 94, 96, 97, 105, 106, 108, 109, 120, 123, 126, 127, 129, 130, 131, 133, 134, 136, 139, 146, 147, 149, 150, 151, 165, 166, 167, 169, 170, 172], "excluded_lines": [], "functions": {"configure_tracing": {"executed_lines": [], "summary": {"covered_lines": 0, "num_statements": 11, "percent_covered": 0.0, "percent_covered_display": "0", "missing_lines": 11, "excluded_lines": 0}, "missing_lines": [47, 48, 49, 52, 61, 64, 70, 71, 74, 76, 78], "excluded_lines": []}, "instrument_app": {"executed_lines": [], "summary": {"covered_lines": 0, "num_statements": 4, "percent_covered": 0.0, "percent_covered_display": "0", "missing_lines": 4, "excluded_lines": 0}, "missing_lines": [93, 94, 96, 97], "excluded_lines": []}, "instrument_redis": {"executed_lines": [], "summary": {"covered_lines": 0, "num_statements": 4, "percent_covered": 0.0, "percent_covered_display": "0", "missing_lines": 4, "excluded_lines": 0}, "missing_lines": [105, 106, 108, 109], "excluded_lines": []}, "configure_logging": {"executed_lines": [], "summary": {"covered_lines": 0, "num_statements": 8, "percent_covered": 0.0, "percent_covered_display": "0", "missing_lines": 8, "excluded_lines": 0}, "missing_lines": [120, 123, 139, 146, 147, 149, 150, 151], "excluded_lines": []}, "configure_logging.TraceContextFormatter.format": {"executed_lines": [], "summary": {"covered_lines": 0, "num_statements": 8, "percent_covered": 0.0, "percent_covered_display": "0", "missing_lines": 8, "excluded_lines": 0}, "missing_lines": [126, 127, 129, 130, 131, 133, 134, 136], "excluded_lines": []}, "setup_telemetry": {"executed_lines": [], "summary": {"covered_lines": 0, "num_statements": 6, "percent_covered": 0.0, "percent_covered_display": "0", "missing_lines": 6, "excluded_lines": 0}, "missing_lines": [165, 166, 167, 169, 170, 172], "excluded_lines": []}, "": {"executed_lines": [4, 13, 15, 16, 18, 19, 20, 21, 22, 23, 24, 26, 29, 30, 31, 32, 33, 36, 81, 100, 112, 154, 176, 179], "summary": {"covered_lines": 23, "num_statements": 23, "percent_covered": 100.0, "percent_covered_display": "100", "missing_lines": 0, "excluded_lines": 0}, "missing_lines": [], "excluded_lines": []}}, "classes": {"configure_logging.TraceContextFormatter": {"executed_lines": [], "summary": {"covered_lines": 0, "num_statements": 8, "percent_covered": 0.0, "percent_covered_display": "0", "missing_lines": 8, "excluded_lines": 0}, "missing_lines": [126, 127, 129, 130, 131, 133, 134, 136], "excluded_lines": []}, "": {"executed_lines": [4, 13, 15, 16, 18, 19, 20, 21, 22, 23, 24, 26, 29, 30, 31, 32, 33, 36, 81, 100, 112, 154, 176, 179], "summary": {"covered_lines": 23, "num_statements": 56, "percent_covered": 41.07142857142857, "percent_covered_display": "41", "missing_lines": 33, "excluded_lines": 0}, "missing_lines": [47, 48, 49, 52, 61, 64, 70, 71, 74, 76, 78, 93, 94, 96, 97, 105, 106, 108, 109, 120, 123, 139, 146, 147, 149, 150, 151, 165, 166, 167, 169, 170, 172], "excluded_lines": []}}}, "src/luthien_proxy/v2/ui/__init__.py": {"executed_lines": [4, 6, 8], "summary": {"covered_lines": 2, "num_statements": 2, "percent_covered": 100.0, "percent_covered_display": "100", "missing_lines": 0, "excluded_lines": 0}, "missing_lines": [], "excluded_lines": [], "functions": {"": {"executed_lines": [4, 6, 8], "summary": {"covered_lines": 2, "num_statements": 2, "percent_covered": 100.0, "percent_covered_display": "100", "missing_lines": 0, "excluded_lines": 0}, "missing_lines": [], "excluded_lines": []}}, "classes": {"": {"executed_lines": [4, 6, 8], "summary": {"covered_lines": 2, "num_statements": 2, "percent_covered": 100.0, "percent_covered_display": "100", "missing_lines": 0, "excluded_lines": 0}, "missing_lines": [], "excluded_lines": []}}}, "src/luthien_proxy/v2/ui/routes.py": {"executed_lines": [4, 6, 8, 9, 11, 12, 13, 14, 16, 18, 21, 24, 25, 52, 53, 61, 62, 70], "summary": {"covered_lines": 17, "num_statements": 23, "percent_covered": 73.91304347826087, "percent_covered_display": "74", "missing_lines": 6, "excluded_lines": 0}, "missing_lines": [34, 35, 36, 41, 58, 67], "excluded_lines": [], "functions": {"activity_stream": {"executed_lines": [], "summary": {"covered_lines": 0, "num_statements": 4, "percent_covered": 0.0, "percent_covered_display": "0", "missing_lines": 4, "excluded_lines": 0}, "missing_lines": [34, 35, 36, 41], "excluded_lines": []}, "activity_monitor": {"executed_lines": [], "summary": {"covered_lines": 0, "num_statements": 1, "percent_covered": 0.0, "percent_covered_display": "0", "missing_lines": 1, "excluded_lines": 0}, "missing_lines": [58], "excluded_lines": []}, "diff_viewer": {"executed_lines": [], "summary": {"covered_lines": 0, "num_statements": 1, "percent_covered": 0.0, "percent_covered_display": "0", "missing_lines": 1, "excluded_lines": 0}, "missing_lines": [67], "excluded_lines": []}, "": {"executed_lines": [4, 6, 8, 9, 11, 12, 13, 14, 16, 18, 21, 24, 25, 52, 53, 61, 62, 70], "summary": {"covered_lines": 17, "num_statements": 17, "percent_covered": 100.0, "percent_covered_display": "100", "missing_lines": 0, "excluded_lines": 0}, "missing_lines": [], "excluded_lines": []}}, "classes": {"": {"executed_lines": [4, 6, 8, 9, 11, 12, 13, 14, 16, 18, 21, 24, 25, 52, 53, 61, 62, 70], "summary": {"covered_lines": 17, "num_statements": 23, "percent_covered": 73.91304347826087, "percent_covered_display": "74", "missing_lines": 6, "excluded_lines": 0}, "missing_lines": [34, 35, 36, 41, 58, 67], "excluded_lines": []}}}}, "totals": {"covered_lines": 1225, "num_statements": 5215, "percent_covered": 23.48993288590604, "percent_covered_display": "23", "missing_lines": 3990, "excluded_lines": 130}}
